TMUX=/tmp/tmux-1000/default,2714,0
USER=yubo
LANGUAGE=en_US:
SSH_AGENT_PID=2142
SHLVL=2
HOME=/home/yubo
OLDPWD=/home/yubo/program/c
XDG_SESSION_COOKIE=ab66fb49775892c0a0392a9746212400-1412167888.357699-1429995240
DESKTOP_SESSION=ubuntu-2d
XDG_SEAT_PATH=/org/freedesktop/DisplayManager/Seat0
PS1=[${debian_chroot:+($debian_chroot)}\u@\h:\w]\[\e[1;36m\]$(parse_git_branch)\[\e[0m\]\$
DBUS_SESSION_BUS_ADDRESS=unix:abstract=/tmp/dbus-XLPfZGLkWW,guid=6c224a4f7ab7ebff31b5d6ef00000015
COLORTERM=gnome-terminal
GNOME_KEYRING_CONTROL=/tmp/keyring-5Se3E7
MANDATORY_PATH=/usr/share/gconf/ubuntu-2d.mandatory.path
LOGNAME=yubo
WINDOWID=25165829
_=./a
DEFAULTS_PATH=/usr/share/gconf/ubuntu-2d.default.path
TERM=xterm-color
GNOME_DESKTOP_SESSION_ID=this-is-deprecated
PATH=/home/yubo/bin:/root/BcmXiaoQiang/external_toolchain/arm-xiaomi-linux-uclibcgnueabi/bin:/home/yubo/bin:/usr/lib/lightdm/lightdm:/usr/local/sbin:/usr/local/bin:/usr/sbin:/usr/bin:/sbin:/bin:/usr/games:/home/yubo/bin:/usr/local/eclipse
SESSION_MANAGER=local/home:@/tmp/.ICE-unix/2078,unix/home:/tmp/.ICE-unix/2078
XDG_SESSION_PATH=/org/freedesktop/DisplayManager/Session0
DISPLAY=:0
LANG=zh_CN.UTF-8
XDG_CURRENT_DESKTOP=Unity
XAUTHORITY=/home/yubo/.Xauthority
SSH_AUTH_SOCK=/tmp/keyring-5Se3E7/ssh
SHELL=/bin/bash
GDMSESSION=ubuntu-2d
GPG_AGENT_INFO=/tmp/keyring-5Se3E7/gpg:0:1
PWD=/home/yubo/program/c/pthread
XDG_CONFIG_DIRS=/etc/xdg/xdg-ubuntu-2d:/etc/xdg
XDG_DATA_DIRS=/usr/share/ubuntu-2d:/usr/share/gnome:/usr/local/share/:/usr/share/
TMUX_PANE=%31
TMUX=/tmp/tmux-1000/default,2714,0
USER=yubo
LANGUAGE=en_US:
SSH_AGENT_PID=2142
SHLVL=2
HOME=/home/yubo
OLDPWD=/home/yubo
XDG_SESSION_COOKIE=ab66fb49775892c0a0392a9746212400-1412167888.357699-1429995240
DESKTOP_SESSION=ubuntu-2d
XDG_SEAT_PATH=/org/freedesktop/DisplayManager/Seat0
PS1=[${debian_chroot:+($debian_chroot)}\u@\h:\w]\[\e[1;36m\]$(parse_git_branch)\[\e[0m\]\$
DBUS_SESSION_BUS_ADDRESS=unix:abstract=/tmp/dbus-XLPfZGLkWW,guid=6c224a4f7ab7ebff31b5d6ef00000015
COLORTERM=gnome-terminal
GNOME_KEYRING_CONTROL=/tmp/keyring-5Se3E7
MANDATORY_PATH=/usr/share/gconf/ubuntu-2d.mandatory.path
LOGNAME=yubo
WINDOWID=25165829
_=./a.sh
DEFAULTS_PATH=/usr/share/gconf/ubuntu-2d.default.path
TERM=xterm-color
GNOME_DESKTOP_SESSION_ID=this-is-deprecated
PATH=/home/yubo/bin:/root/BcmXiaoQiang/external_toolchain/arm-xiaomi-linux-uclibcgnueabi/bin:/home/yubo/bin:/usr/lib/lightdm/lightdm:/usr/local/sbin:/usr/local/bin:/usr/sbin:/usr/bin:/sbin:/bin:/usr/games:/home/yubo/bin:/usr/local/eclipse
SESSION_MANAGER=local/home:@/tmp/.ICE-unix/2078,unix/home:/tmp/.ICE-unix/2078
XDG_SESSION_PATH=/org/freedesktop/DisplayManager/Session0
DISPLAY=:0
LANG=zh_CN.UTF-8
XDG_CURRENT_DESKTOP=Unity
XAUTHORITY=/home/yubo/.Xauthority
SSH_AUTH_SOCK=/tmp/keyring-5Se3E7/ssh
SHELL=/bin/bash
GDMSESSION=ubuntu-2d
GPG_AGENT_INFO=/tmp/keyring-5Se3E7/gpg:0:1
PWD=/home/yubo/program/c/pthread
XDG_CONFIG_DIRS=/etc/xdg/xdg-ubuntu-2d:/etc/xdg
XDG_DATA_DIRS=/usr/share/ubuntu-2d:/usr/share/gnome:/usr/local/share/:/usr/share/
TMUX_PANE=%32
TMUX=/tmp/tmux-1000/default,2714,0
USER=yubo
LANGUAGE=en_US:
SSH_AGENT_PID=2142
SHLVL=2
HOME=/home/yubo
OLDPWD=/home/yubo
XDG_SESSION_COOKIE=ab66fb49775892c0a0392a9746212400-1412167888.357699-1429995240
DESKTOP_SESSION=ubuntu-2d
XDG_SEAT_PATH=/org/freedesktop/DisplayManager/Seat0
PS1=[${debian_chroot:+($debian_chroot)}\u@\h:\w]\[\e[1;36m\]$(parse_git_branch)\[\e[0m\]\$
DBUS_SESSION_BUS_ADDRESS=unix:abstract=/tmp/dbus-XLPfZGLkWW,guid=6c224a4f7ab7ebff31b5d6ef00000015
COLORTERM=gnome-terminal
GNOME_KEYRING_CONTROL=/tmp/keyring-5Se3E7
MANDATORY_PATH=/usr/share/gconf/ubuntu-2d.mandatory.path
LOGNAME=yubo
WINDOWID=25165829
_=./a
DEFAULTS_PATH=/usr/share/gconf/ubuntu-2d.default.path
TERM=xterm-color
GNOME_DESKTOP_SESSION_ID=this-is-deprecated
PATH=/home/yubo/bin:/root/BcmXiaoQiang/external_toolchain/arm-xiaomi-linux-uclibcgnueabi/bin:/home/yubo/bin:/usr/lib/lightdm/lightdm:/usr/local/sbin:/usr/local/bin:/usr/sbin:/usr/bin:/sbin:/bin:/usr/games:/home/yubo/bin:/usr/local/eclipse
SESSION_MANAGER=local/home:@/tmp/.ICE-unix/2078,unix/home:/tmp/.ICE-unix/2078
XDG_SESSION_PATH=/org/freedesktop/DisplayManager/Session0
DISPLAY=:0
LANG=zh_CN.UTF-8
XDG_CURRENT_DESKTOP=Unity
XAUTHORITY=/home/yubo/.Xauthority
SSH_AUTH_SOCK=/tmp/keyring-5Se3E7/ssh
SHELL=/bin/bash
GDMSESSION=ubuntu-2d
GPG_AGENT_INFO=/tmp/keyring-5Se3E7/gpg:0:1
PWD=/home/yubo/program/c/pthread
XDG_CONFIG_DIRS=/etc/xdg/xdg-ubuntu-2d:/etc/xdg
XDG_DATA_DIRS=/usr/share/ubuntu-2d:/usr/share/gnome:/usr/local/share/:/usr/share/
TMUX_PANE=%32
TMUX=/tmp/tmux-1000/default,2714,0
USER=yubo
LANGUAGE=en_US:
SSH_AGENT_PID=2142
SHLVL=2
HOME=/home/yubo
OLDPWD=/home/yubo
XDG_SESSION_COOKIE=ab66fb49775892c0a0392a9746212400-1412167888.357699-1429995240
DESKTOP_SESSION=ubuntu-2d
XDG_SEAT_PATH=/org/freedesktop/DisplayManager/Seat0
PS1=[${debian_chroot:+($debian_chroot)}\u@\h:\w]\[\e[1;36m\]$(parse_git_branch)\[\e[0m\]\$
DBUS_SESSION_BUS_ADDRESS=unix:abstract=/tmp/dbus-XLPfZGLkWW,guid=6c224a4f7ab7ebff31b5d6ef00000015
COLORTERM=gnome-terminal
GNOME_KEYRING_CONTROL=/tmp/keyring-5Se3E7
MANDATORY_PATH=/usr/share/gconf/ubuntu-2d.mandatory.path
LOGNAME=yubo
WINDOWID=25165829
_=./a
DEFAULTS_PATH=/usr/share/gconf/ubuntu-2d.default.path
TERM=xterm-color
GNOME_DESKTOP_SESSION_ID=this-is-deprecated
PATH=/home/yubo/bin:/root/BcmXiaoQiang/external_toolchain/arm-xiaomi-linux-uclibcgnueabi/bin:/home/yubo/bin:/usr/lib/lightdm/lightdm:/usr/local/sbin:/usr/local/bin:/usr/sbin:/usr/bin:/sbin:/bin:/usr/games:/home/yubo/bin:/usr/local/eclipse
SESSION_MANAGER=local/home:@/tmp/.ICE-unix/2078,unix/home:/tmp/.ICE-unix/2078
XDG_SESSION_PATH=/org/freedesktop/DisplayManager/Session0
DISPLAY=:0
LANG=zh_CN.UTF-8
XDG_CURRENT_DESKTOP=Unity
XAUTHORITY=/home/yubo/.Xauthority
SSH_AUTH_SOCK=/tmp/keyring-5Se3E7/ssh
SHELL=/bin/bash
GDMSESSION=ubuntu-2d
GPG_AGENT_INFO=/tmp/keyring-5Se3E7/gpg:0:1
PWD=/home/yubo/program/c/pthread
XDG_CONFIG_DIRS=/etc/xdg/xdg-ubuntu-2d:/etc/xdg
XDG_DATA_DIRS=/usr/share/ubuntu-2d:/usr/share/gnome:/usr/local/share/:/usr/share/
TMUX_PANE=%32
TMUX=/tmp/tmux-1000/default,2714,0
USER=yubo
LANGUAGE=en_US:
SSH_AGENT_PID=2142
SHLVL=2
HOME=/home/yubo
OLDPWD=/home/yubo
XDG_SESSION_COOKIE=ab66fb49775892c0a0392a9746212400-1412167888.357699-1429995240
DESKTOP_SESSION=ubuntu-2d
XDG_SEAT_PATH=/org/freedesktop/DisplayManager/Seat0
PS1=[${debian_chroot:+($debian_chroot)}\u@\h:\w]\[\e[1;36m\]$(parse_git_branch)\[\e[0m\]\$
DBUS_SESSION_BUS_ADDRESS=unix:abstract=/tmp/dbus-XLPfZGLkWW,guid=6c224a4f7ab7ebff31b5d6ef00000015
COLORTERM=gnome-terminal
GNOME_KEYRING_CONTROL=/tmp/keyring-5Se3E7
MANDATORY_PATH=/usr/share/gconf/ubuntu-2d.mandatory.path
LOGNAME=yubo
WINDOWID=25165829
_=./a
DEFAULTS_PATH=/usr/share/gconf/ubuntu-2d.default.path
TERM=xterm-color
GNOME_DESKTOP_SESSION_ID=this-is-deprecated
PATH=/home/yubo/bin:/root/BcmXiaoQiang/external_toolchain/arm-xiaomi-linux-uclibcgnueabi/bin:/home/yubo/bin:/usr/lib/lightdm/lightdm:/usr/local/sbin:/usr/local/bin:/usr/sbin:/usr/bin:/sbin:/bin:/usr/games:/home/yubo/bin:/usr/local/eclipse
SESSION_MANAGER=local/home:@/tmp/.ICE-unix/2078,unix/home:/tmp/.ICE-unix/2078
XDG_SESSION_PATH=/org/freedesktop/DisplayManager/Session0
DISPLAY=:0
LANG=zh_CN.UTF-8
XDG_CURRENT_DESKTOP=Unity
XAUTHORITY=/home/yubo/.Xauthority
SSH_AUTH_SOCK=/tmp/keyring-5Se3E7/ssh
SHELL=/bin/bash
GDMSESSION=ubuntu-2d
GPG_AGENT_INFO=/tmp/keyring-5Se3E7/gpg:0:1
PWD=/home/yubo/program/c/pthread
XDG_CONFIG_DIRS=/etc/xdg/xdg-ubuntu-2d:/etc/xdg
XDG_DATA_DIRS=/usr/share/ubuntu-2d:/usr/share/gnome:/usr/local/share/:/usr/share/
TMUX_PANE=%32
TMUX=/tmp/tmux-1000/default,2714,0
USER=yubo
LANGUAGE=en_US:
SSH_AGENT_PID=2142
SHLVL=2
HOME=/home/yubo
OLDPWD=/home/yubo
XDG_SESSION_COOKIE=ab66fb49775892c0a0392a9746212400-1412167888.357699-1429995240
DESKTOP_SESSION=ubuntu-2d
XDG_SEAT_PATH=/org/freedesktop/DisplayManager/Seat0
PS1=[${debian_chroot:+($debian_chroot)}\u@\h:\w]\[\e[1;36m\]$(parse_git_branch)\[\e[0m\]\$
DBUS_SESSION_BUS_ADDRESS=unix:abstract=/tmp/dbus-XLPfZGLkWW,guid=6c224a4f7ab7ebff31b5d6ef00000015
COLORTERM=gnome-terminal
GNOME_KEYRING_CONTROL=/tmp/keyring-5Se3E7
MANDATORY_PATH=/usr/share/gconf/ubuntu-2d.mandatory.path
LOGNAME=yubo
WINDOWID=25165829
_=./a
DEFAULTS_PATH=/usr/share/gconf/ubuntu-2d.default.path
TERM=xterm-color
GNOME_DESKTOP_SESSION_ID=this-is-deprecated
PATH=/home/yubo/bin:/root/BcmXiaoQiang/external_toolchain/arm-xiaomi-linux-uclibcgnueabi/bin:/home/yubo/bin:/usr/lib/lightdm/lightdm:/usr/local/sbin:/usr/local/bin:/usr/sbin:/usr/bin:/sbin:/bin:/usr/games:/home/yubo/bin:/usr/local/eclipse
SESSION_MANAGER=local/home:@/tmp/.ICE-unix/2078,unix/home:/tmp/.ICE-unix/2078
XDG_SESSION_PATH=/org/freedesktop/DisplayManager/Session0
DISPLAY=:0
LANG=zh_CN.UTF-8
XDG_CURRENT_DESKTOP=Unity
XAUTHORITY=/home/yubo/.Xauthority
SSH_AUTH_SOCK=/tmp/keyring-5Se3E7/ssh
SHELL=/bin/bash
GDMSESSION=ubuntu-2d
GPG_AGENT_INFO=/tmp/keyring-5Se3E7/gpg:0:1
PWD=/home/yubo/program/c/pthread
XDG_CONFIG_DIRS=/etc/xdg/xdg-ubuntu-2d:/etc/xdg
XDG_DATA_DIRS=/usr/share/ubuntu-2d:/usr/share/gnome:/usr/local/share/:/usr/share/
TMUX_PANE=%32
TMUX=/tmp/tmux-1000/default,2714,0
USER=yubo
LANGUAGE=en_US:
SSH_AGENT_PID=2142
SHLVL=2
HOME=/home/yubo
OLDPWD=/home/yubo
XDG_SESSION_COOKIE=ab66fb49775892c0a0392a9746212400-1412167888.357699-1429995240
DESKTOP_SESSION=ubuntu-2d
XDG_SEAT_PATH=/org/freedesktop/DisplayManager/Seat0
PS1=[${debian_chroot:+($debian_chroot)}\u@\h:\w]\[\e[1;36m\]$(parse_git_branch)\[\e[0m\]\$
DBUS_SESSION_BUS_ADDRESS=unix:abstract=/tmp/dbus-XLPfZGLkWW,guid=6c224a4f7ab7ebff31b5d6ef00000015
COLORTERM=gnome-terminal
GNOME_KEYRING_CONTROL=/tmp/keyring-5Se3E7
MANDATORY_PATH=/usr/share/gconf/ubuntu-2d.mandatory.path
LOGNAME=yubo
WINDOWID=25165829
_=./a
DEFAULTS_PATH=/usr/share/gconf/ubuntu-2d.default.path
TERM=xterm-color
GNOME_DESKTOP_SESSION_ID=this-is-deprecated
PATH=/home/yubo/bin:/root/BcmXiaoQiang/external_toolchain/arm-xiaomi-linux-uclibcgnueabi/bin:/home/yubo/bin:/usr/lib/lightdm/lightdm:/usr/local/sbin:/usr/local/bin:/usr/sbin:/usr/bin:/sbin:/bin:/usr/games:/home/yubo/bin:/usr/local/eclipse
SESSION_MANAGER=local/home:@/tmp/.ICE-unix/2078,unix/home:/tmp/.ICE-unix/2078
XDG_SESSION_PATH=/org/freedesktop/DisplayManager/Session0
DISPLAY=:0
LANG=zh_CN.UTF-8
XDG_CURRENT_DESKTOP=Unity
XAUTHORITY=/home/yubo/.Xauthority
SSH_AUTH_SOCK=/tmp/keyring-5Se3E7/ssh
SHELL=/bin/bash
GDMSESSION=ubuntu-2d
GPG_AGENT_INFO=/tmp/keyring-5Se3E7/gpg:0:1
PWD=/home/yubo/program/c/pthread
XDG_CONFIG_DIRS=/etc/xdg/xdg-ubuntu-2d:/etc/xdg
XDG_DATA_DIRS=/usr/share/ubuntu-2d:/usr/share/gnome:/usr/local/share/:/usr/share/
TMUX_PANE=%32
TMUX=/tmp/tmux-1000/default,2714,0
USER=yubo
LANGUAGE=en_US:
SSH_AGENT_PID=2142
SHLVL=2
HOME=/home/yubo
OLDPWD=/home/yubo
XDG_SESSION_COOKIE=ab66fb49775892c0a0392a9746212400-1412167888.357699-1429995240
DESKTOP_SESSION=ubuntu-2d
XDG_SEAT_PATH=/org/freedesktop/DisplayManager/Seat0
PS1=[${debian_chroot:+($debian_chroot)}\u@\h:\w]\[\e[1;36m\]$(parse_git_branch)\[\e[0m\]\$
DBUS_SESSION_BUS_ADDRESS=unix:abstract=/tmp/dbus-XLPfZGLkWW,guid=6c224a4f7ab7ebff31b5d6ef00000015
COLORTERM=gnome-terminal
GNOME_KEYRING_CONTROL=/tmp/keyring-5Se3E7
MANDATORY_PATH=/usr/share/gconf/ubuntu-2d.mandatory.path
LOGNAME=yubo
WINDOWID=25165829
_=./a
DEFAULTS_PATH=/usr/share/gconf/ubuntu-2d.default.path
TERM=xterm-color
GNOME_DESKTOP_SESSION_ID=this-is-deprecated
PATH=/home/yubo/bin:/root/BcmXiaoQiang/external_toolchain/arm-xiaomi-linux-uclibcgnueabi/bin:/home/yubo/bin:/usr/lib/lightdm/lightdm:/usr/local/sbin:/usr/local/bin:/usr/sbin:/usr/bin:/sbin:/bin:/usr/games:/home/yubo/bin:/usr/local/eclipse
SESSION_MANAGER=local/home:@/tmp/.ICE-unix/2078,unix/home:/tmp/.ICE-unix/2078
XDG_SESSION_PATH=/org/freedesktop/DisplayManager/Session0
DISPLAY=:0
LANG=zh_CN.UTF-8
XDG_CURRENT_DESKTOP=Unity
XAUTHORITY=/home/yubo/.Xauthority
SSH_AUTH_SOCK=/tmp/keyring-5Se3E7/ssh
SHELL=/bin/bash
GDMSESSION=ubuntu-2d
GPG_AGENT_INFO=/tmp/keyring-5Se3E7/gpg:0:1
PWD=/home/yubo/program/c/pthread
XDG_CONFIG_DIRS=/etc/xdg/xdg-ubuntu-2d:/etc/xdg
XDG_DATA_DIRS=/usr/share/ubuntu-2d:/usr/share/gnome:/usr/local/share/:/usr/share/
TMUX_PANE=%32
TMUX=/tmp/tmux-1000/default,2714,0
USER=yubo
LANGUAGE=en_US:
SSH_AGENT_PID=2142
SHLVL=2
HOME=/home/yubo
OLDPWD=/home/yubo
XDG_SESSION_COOKIE=ab66fb49775892c0a0392a9746212400-1412167888.357699-1429995240
DESKTOP_SESSION=ubuntu-2d
XDG_SEAT_PATH=/org/freedesktop/DisplayManager/Seat0
PS1=[${debian_chroot:+($debian_chroot)}\u@\h:\w]\[\e[1;36m\]$(parse_git_branch)\[\e[0m\]\$
DBUS_SESSION_BUS_ADDRESS=unix:abstract=/tmp/dbus-XLPfZGLkWW,guid=6c224a4f7ab7ebff31b5d6ef00000015
COLORTERM=gnome-terminal
GNOME_KEYRING_CONTROL=/tmp/keyring-5Se3E7
MANDATORY_PATH=/usr/share/gconf/ubuntu-2d.mandatory.path
LOGNAME=yubo
WINDOWID=25165829
_=./a
DEFAULTS_PATH=/usr/share/gconf/ubuntu-2d.default.path
TERM=xterm-color
GNOME_DESKTOP_SESSION_ID=this-is-deprecated
PATH=/home/yubo/bin:/root/BcmXiaoQiang/external_toolchain/arm-xiaomi-linux-uclibcgnueabi/bin:/home/yubo/bin:/usr/lib/lightdm/lightdm:/usr/local/sbin:/usr/local/bin:/usr/sbin:/usr/bin:/sbin:/bin:/usr/games:/home/yubo/bin:/usr/local/eclipse
SESSION_MANAGER=local/home:@/tmp/.ICE-unix/2078,unix/home:/tmp/.ICE-unix/2078
XDG_SESSION_PATH=/org/freedesktop/DisplayManager/Session0
DISPLAY=:0
LANG=zh_CN.UTF-8
XDG_CURRENT_DESKTOP=Unity
XAUTHORITY=/home/yubo/.Xauthority
SSH_AUTH_SOCK=/tmp/keyring-5Se3E7/ssh
SHELL=/bin/bash
GDMSESSION=ubuntu-2d
GPG_AGENT_INFO=/tmp/keyring-5Se3E7/gpg:0:1
PWD=/home/yubo/program/c/pthread
XDG_CONFIG_DIRS=/etc/xdg/xdg-ubuntu-2d:/etc/xdg
XDG_DATA_DIRS=/usr/share/ubuntu-2d:/usr/share/gnome:/usr/local/share/:/usr/share/
TMUX_PANE=%32
TMUX=/tmp/tmux-1000/default,2714,0
USER=yubo
LANGUAGE=en_US:
SSH_AGENT_PID=2142
SHLVL=2
HOME=/home/yubo
OLDPWD=/home/yubo
XDG_SESSION_COOKIE=ab66fb49775892c0a0392a9746212400-1412167888.357699-1429995240
DESKTOP_SESSION=ubuntu-2d
XDG_SEAT_PATH=/org/freedesktop/DisplayManager/Seat0
PS1=[${debian_chroot:+($debian_chroot)}\u@\h:\w]\[\e[1;36m\]$(parse_git_branch)\[\e[0m\]\$
DBUS_SESSION_BUS_ADDRESS=unix:abstract=/tmp/dbus-XLPfZGLkWW,guid=6c224a4f7ab7ebff31b5d6ef00000015
COLORTERM=gnome-terminal
GNOME_KEYRING_CONTROL=/tmp/keyring-5Se3E7
MANDATORY_PATH=/usr/share/gconf/ubuntu-2d.mandatory.path
LOGNAME=yubo
WINDOWID=25165829
_=./a
DEFAULTS_PATH=/usr/share/gconf/ubuntu-2d.default.path
TERM=xterm-color
GNOME_DESKTOP_SESSION_ID=this-is-deprecated
PATH=/home/yubo/bin:/root/BcmXiaoQiang/external_toolchain/arm-xiaomi-linux-uclibcgnueabi/bin:/home/yubo/bin:/usr/lib/lightdm/lightdm:/usr/local/sbin:/usr/local/bin:/usr/sbin:/usr/bin:/sbin:/bin:/usr/games:/home/yubo/bin:/usr/local/eclipse
SESSION_MANAGER=local/home:@/tmp/.ICE-unix/2078,unix/home:/tmp/.ICE-unix/2078
XDG_SESSION_PATH=/org/freedesktop/DisplayManager/Session0
DISPLAY=:0
LANG=zh_CN.UTF-8
XDG_CURRENT_DESKTOP=Unity
XAUTHORITY=/home/yubo/.Xauthority
SSH_AUTH_SOCK=/tmp/keyring-5Se3E7/ssh
SHELL=/bin/bash
GDMSESSION=ubuntu-2d
GPG_AGENT_INFO=/tmp/keyring-5Se3E7/gpg:0:1
PWD=/home/yubo/program/c/pthread
XDG_CONFIG_DIRS=/etc/xdg/xdg-ubuntu-2d:/etc/xdg
XDG_DATA_DIRS=/usr/share/ubuntu-2d:/usr/share/gnome:/usr/local/share/:/usr/share/
TMUX_PANE=%32
TMUX=/tmp/tmux-1000/default,2714,0
USER=yubo
LANGUAGE=en_US:
SSH_AGENT_PID=2142
SHLVL=2
HOME=/home/yubo
OLDPWD=/home/yubo
XDG_SESSION_COOKIE=ab66fb49775892c0a0392a9746212400-1412167888.357699-1429995240
DESKTOP_SESSION=ubuntu-2d
XDG_SEAT_PATH=/org/freedesktop/DisplayManager/Seat0
PS1=[${debian_chroot:+($debian_chroot)}\u@\h:\w]\[\e[1;36m\]$(parse_git_branch)\[\e[0m\]\$
DBUS_SESSION_BUS_ADDRESS=unix:abstract=/tmp/dbus-XLPfZGLkWW,guid=6c224a4f7ab7ebff31b5d6ef00000015
COLORTERM=gnome-terminal
GNOME_KEYRING_CONTROL=/tmp/keyring-5Se3E7
MANDATORY_PATH=/usr/share/gconf/ubuntu-2d.mandatory.path
LOGNAME=yubo
WINDOWID=25165829
_=./a
DEFAULTS_PATH=/usr/share/gconf/ubuntu-2d.default.path
TERM=xterm-color
GNOME_DESKTOP_SESSION_ID=this-is-deprecated
PATH=/home/yubo/bin:/root/BcmXiaoQiang/external_toolchain/arm-xiaomi-linux-uclibcgnueabi/bin:/home/yubo/bin:/usr/lib/lightdm/lightdm:/usr/local/sbin:/usr/local/bin:/usr/sbin:/usr/bin:/sbin:/bin:/usr/games:/home/yubo/bin:/usr/local/eclipse
SESSION_MANAGER=local/home:@/tmp/.ICE-unix/2078,unix/home:/tmp/.ICE-unix/2078
XDG_SESSION_PATH=/org/freedesktop/DisplayManager/Session0
DISPLAY=:0
LANG=zh_CN.UTF-8
XDG_CURRENT_DESKTOP=Unity
XAUTHORITY=/home/yubo/.Xauthority
SSH_AUTH_SOCK=/tmp/keyring-5Se3E7/ssh
SHELL=/bin/bash
GDMSESSION=ubuntu-2d
GPG_AGENT_INFO=/tmp/keyring-5Se3E7/gpg:0:1
PWD=/home/yubo/program/c/pthread
XDG_CONFIG_DIRS=/etc/xdg/xdg-ubuntu-2d:/etc/xdg
XDG_DATA_DIRS=/usr/share/ubuntu-2d:/usr/share/gnome:/usr/local/share/:/usr/share/
TMUX_PANE=%32
TMUX=/tmp/tmux-1000/default,2714,0
USER=yubo
LANGUAGE=en_US:
SSH_AGENT_PID=2142
SHLVL=2
HOME=/home/yubo
OLDPWD=/home/yubo
XDG_SESSION_COOKIE=ab66fb49775892c0a0392a9746212400-1412167888.357699-1429995240
DESKTOP_SESSION=ubuntu-2d
XDG_SEAT_PATH=/org/freedesktop/DisplayManager/Seat0
PS1=[${debian_chroot:+($debian_chroot)}\u@\h:\w]\[\e[1;36m\]$(parse_git_branch)\[\e[0m\]\$
DBUS_SESSION_BUS_ADDRESS=unix:abstract=/tmp/dbus-XLPfZGLkWW,guid=6c224a4f7ab7ebff31b5d6ef00000015
COLORTERM=gnome-terminal
GNOME_KEYRING_CONTROL=/tmp/keyring-5Se3E7
MANDATORY_PATH=/usr/share/gconf/ubuntu-2d.mandatory.path
LOGNAME=yubo
WINDOWID=25165829
_=./a
DEFAULTS_PATH=/usr/share/gconf/ubuntu-2d.default.path
TERM=xterm-color
GNOME_DESKTOP_SESSION_ID=this-is-deprecated
PATH=/home/yubo/bin:/root/BcmXiaoQiang/external_toolchain/arm-xiaomi-linux-uclibcgnueabi/bin:/home/yubo/bin:/usr/lib/lightdm/lightdm:/usr/local/sbin:/usr/local/bin:/usr/sbin:/usr/bin:/sbin:/bin:/usr/games:/home/yubo/bin:/usr/local/eclipse
SESSION_MANAGER=local/home:@/tmp/.ICE-unix/2078,unix/home:/tmp/.ICE-unix/2078
XDG_SESSION_PATH=/org/freedesktop/DisplayManager/Session0
DISPLAY=:0
LANG=zh_CN.UTF-8
XDG_CURRENT_DESKTOP=Unity
XAUTHORITY=/home/yubo/.Xauthority
SSH_AUTH_SOCK=/tmp/keyring-5Se3E7/ssh
SHELL=/bin/bash
GDMSESSION=ubuntu-2d
GPG_AGENT_INFO=/tmp/keyring-5Se3E7/gpg:0:1
PWD=/home/yubo/program/c/pthread
XDG_CONFIG_DIRS=/etc/xdg/xdg-ubuntu-2d:/etc/xdg
XDG_DATA_DIRS=/usr/share/ubuntu-2d:/usr/share/gnome:/usr/local/share/:/usr/share/
TMUX_PANE=%32
TMUX=/tmp/tmux-1000/default,2714,0
USER=yubo
LANGUAGE=en_US:
SSH_AGENT_PID=2142
SHLVL=2
HOME=/home/yubo
OLDPWD=/home/yubo
XDG_SESSION_COOKIE=ab66fb49775892c0a0392a9746212400-1412167888.357699-1429995240
DESKTOP_SESSION=ubuntu-2d
XDG_SEAT_PATH=/org/freedesktop/DisplayManager/Seat0
PS1=[${debian_chroot:+($debian_chroot)}\u@\h:\w]\[\e[1;36m\]$(parse_git_branch)\[\e[0m\]\$
DBUS_SESSION_BUS_ADDRESS=unix:abstract=/tmp/dbus-XLPfZGLkWW,guid=6c224a4f7ab7ebff31b5d6ef00000015
COLORTERM=gnome-terminal
GNOME_KEYRING_CONTROL=/tmp/keyring-5Se3E7
MANDATORY_PATH=/usr/share/gconf/ubuntu-2d.mandatory.path
LOGNAME=yubo
WINDOWID=25165829
_=./a
DEFAULTS_PATH=/usr/share/gconf/ubuntu-2d.default.path
TERM=xterm-color
GNOME_DESKTOP_SESSION_ID=this-is-deprecated
PATH=/home/yubo/bin:/root/BcmXiaoQiang/external_toolchain/arm-xiaomi-linux-uclibcgnueabi/bin:/home/yubo/bin:/usr/lib/lightdm/lightdm:/usr/local/sbin:/usr/local/bin:/usr/sbin:/usr/bin:/sbin:/bin:/usr/games:/home/yubo/bin:/usr/local/eclipse
SESSION_MANAGER=local/home:@/tmp/.ICE-unix/2078,unix/home:/tmp/.ICE-unix/2078
XDG_SESSION_PATH=/org/freedesktop/DisplayManager/Session0
DISPLAY=:0
LANG=zh_CN.UTF-8
XDG_CURRENT_DESKTOP=Unity
XAUTHORITY=/home/yubo/.Xauthority
SSH_AUTH_SOCK=/tmp/keyring-5Se3E7/ssh
SHELL=/bin/bash
GDMSESSION=ubuntu-2d
GPG_AGENT_INFO=/tmp/keyring-5Se3E7/gpg:0:1
PWD=/home/yubo/program/c/pthread
XDG_CONFIG_DIRS=/etc/xdg/xdg-ubuntu-2d:/etc/xdg
XDG_DATA_DIRS=/usr/share/ubuntu-2d:/usr/share/gnome:/usr/local/share/:/usr/share/
TMUX_PANE=%32
TMUX=/tmp/tmux-1000/default,2714,0
USER=yubo
LANGUAGE=en_US:
SSH_AGENT_PID=2142
SHLVL=2
HOME=/home/yubo
OLDPWD=/home/yubo
XDG_SESSION_COOKIE=ab66fb49775892c0a0392a9746212400-1412167888.357699-1429995240
DESKTOP_SESSION=ubuntu-2d
XDG_SEAT_PATH=/org/freedesktop/DisplayManager/Seat0
PS1=[${debian_chroot:+($debian_chroot)}\u@\h:\w]\[\e[1;36m\]$(parse_git_branch)\[\e[0m\]\$
DBUS_SESSION_BUS_ADDRESS=unix:abstract=/tmp/dbus-XLPfZGLkWW,guid=6c224a4f7ab7ebff31b5d6ef00000015
COLORTERM=gnome-terminal
GNOME_KEYRING_CONTROL=/tmp/keyring-5Se3E7
MANDATORY_PATH=/usr/share/gconf/ubuntu-2d.mandatory.path
LOGNAME=yubo
WINDOWID=25165829
_=./a
DEFAULTS_PATH=/usr/share/gconf/ubuntu-2d.default.path
TERM=xterm-color
GNOME_DESKTOP_SESSION_ID=this-is-deprecated
PATH=/home/yubo/bin:/root/BcmXiaoQiang/external_toolchain/arm-xiaomi-linux-uclibcgnueabi/bin:/home/yubo/bin:/usr/lib/lightdm/lightdm:/usr/local/sbin:/usr/local/bin:/usr/sbin:/usr/bin:/sbin:/bin:/usr/games:/home/yubo/bin:/usr/local/eclipse
SESSION_MANAGER=local/home:@/tmp/.ICE-unix/2078,unix/home:/tmp/.ICE-unix/2078
XDG_SESSION_PATH=/org/freedesktop/DisplayManager/Session0
DISPLAY=:0
LANG=zh_CN.UTF-8
XDG_CURRENT_DESKTOP=Unity
XAUTHORITY=/home/yubo/.Xauthority
SSH_AUTH_SOCK=/tmp/keyring-5Se3E7/ssh
SHELL=/bin/bash
GDMSESSION=ubuntu-2d
GPG_AGENT_INFO=/tmp/keyring-5Se3E7/gpg:0:1
PWD=/home/yubo/program/c/pthread
XDG_CONFIG_DIRS=/etc/xdg/xdg-ubuntu-2d:/etc/xdg
XDG_DATA_DIRS=/usr/share/ubuntu-2d:/usr/share/gnome:/usr/local/share/:/usr/share/
TMUX_PANE=%32
TMUX=/tmp/tmux-1000/default,2714,0
USER=yubo
LANGUAGE=en_US:
SSH_AGENT_PID=2142
SHLVL=2
HOME=/home/yubo
OLDPWD=/home/yubo
XDG_SESSION_COOKIE=ab66fb49775892c0a0392a9746212400-1412167888.357699-1429995240
DESKTOP_SESSION=ubuntu-2d
XDG_SEAT_PATH=/org/freedesktop/DisplayManager/Seat0
PS1=[${debian_chroot:+($debian_chroot)}\u@\h:\w]\[\e[1;36m\]$(parse_git_branch)\[\e[0m\]\$
DBUS_SESSION_BUS_ADDRESS=unix:abstract=/tmp/dbus-XLPfZGLkWW,guid=6c224a4f7ab7ebff31b5d6ef00000015
COLORTERM=gnome-terminal
GNOME_KEYRING_CONTROL=/tmp/keyring-5Se3E7
MANDATORY_PATH=/usr/share/gconf/ubuntu-2d.mandatory.path
LOGNAME=yubo
WINDOWID=25165829
_=./a
DEFAULTS_PATH=/usr/share/gconf/ubuntu-2d.default.path
TERM=xterm-color
GNOME_DESKTOP_SESSION_ID=this-is-deprecated
PATH=/home/yubo/bin:/root/BcmXiaoQiang/external_toolchain/arm-xiaomi-linux-uclibcgnueabi/bin:/home/yubo/bin:/usr/lib/lightdm/lightdm:/usr/local/sbin:/usr/local/bin:/usr/sbin:/usr/bin:/sbin:/bin:/usr/games:/home/yubo/bin:/usr/local/eclipse
SESSION_MANAGER=local/home:@/tmp/.ICE-unix/2078,unix/home:/tmp/.ICE-unix/2078
XDG_SESSION_PATH=/org/freedesktop/DisplayManager/Session0
DISPLAY=:0
LANG=zh_CN.UTF-8
XDG_CURRENT_DESKTOP=Unity
XAUTHORITY=/home/yubo/.Xauthority
SSH_AUTH_SOCK=/tmp/keyring-5Se3E7/ssh
SHELL=/bin/bash
GDMSESSION=ubuntu-2d
GPG_AGENT_INFO=/tmp/keyring-5Se3E7/gpg:0:1
PWD=/home/yubo/program/c/pthread
XDG_CONFIG_DIRS=/etc/xdg/xdg-ubuntu-2d:/etc/xdg
XDG_DATA_DIRS=/usr/share/ubuntu-2d:/usr/share/gnome:/usr/local/share/:/usr/share/
TMUX_PANE=%32
TMUX=/tmp/tmux-1000/default,2714,0
USER=yubo
LANGUAGE=en_US:
SSH_AGENT_PID=2142
SHLVL=2
HOME=/home/yubo
OLDPWD=/home/yubo
XDG_SESSION_COOKIE=ab66fb49775892c0a0392a9746212400-1412167888.357699-1429995240
DESKTOP_SESSION=ubuntu-2d
XDG_SEAT_PATH=/org/freedesktop/DisplayManager/Seat0
PS1=[${debian_chroot:+($debian_chroot)}\u@\h:\w]\[\e[1;36m\]$(parse_git_branch)\[\e[0m\]\$
DBUS_SESSION_BUS_ADDRESS=unix:abstract=/tmp/dbus-XLPfZGLkWW,guid=6c224a4f7ab7ebff31b5d6ef00000015
COLORTERM=gnome-terminal
GNOME_KEYRING_CONTROL=/tmp/keyring-5Se3E7
MANDATORY_PATH=/usr/share/gconf/ubuntu-2d.mandatory.path
LOGNAME=yubo
WINDOWID=25165829
_=./a
DEFAULTS_PATH=/usr/share/gconf/ubuntu-2d.default.path
TERM=xterm-color
GNOME_DESKTOP_SESSION_ID=this-is-deprecated
PATH=/home/yubo/bin:/root/BcmXiaoQiang/external_toolchain/arm-xiaomi-linux-uclibcgnueabi/bin:/home/yubo/bin:/usr/lib/lightdm/lightdm:/usr/local/sbin:/usr/local/bin:/usr/sbin:/usr/bin:/sbin:/bin:/usr/games:/home/yubo/bin:/usr/local/eclipse
SESSION_MANAGER=local/home:@/tmp/.ICE-unix/2078,unix/home:/tmp/.ICE-unix/2078
XDG_SESSION_PATH=/org/freedesktop/DisplayManager/Session0
DISPLAY=:0
LANG=zh_CN.UTF-8
XDG_CURRENT_DESKTOP=Unity
XAUTHORITY=/home/yubo/.Xauthority
SSH_AUTH_SOCK=/tmp/keyring-5Se3E7/ssh
SHELL=/bin/bash
GDMSESSION=ubuntu-2d
GPG_AGENT_INFO=/tmp/keyring-5Se3E7/gpg:0:1
PWD=/home/yubo/program/c/pthread
XDG_CONFIG_DIRS=/etc/xdg/xdg-ubuntu-2d:/etc/xdg
XDG_DATA_DIRS=/usr/share/ubuntu-2d:/usr/share/gnome:/usr/local/share/:/usr/share/
TMUX_PANE=%32
TMUX=/tmp/tmux-1000/default,2714,0
USER=yubo
LANGUAGE=en_US:
SSH_AGENT_PID=2142
SHLVL=2
HOME=/home/yubo
OLDPWD=/home/yubo
XDG_SESSION_COOKIE=ab66fb49775892c0a0392a9746212400-1412167888.357699-1429995240
DESKTOP_SESSION=ubuntu-2d
XDG_SEAT_PATH=/org/freedesktop/DisplayManager/Seat0
PS1=[${debian_chroot:+($debian_chroot)}\u@\h:\w]\[\e[1;36m\]$(parse_git_branch)\[\e[0m\]\$
DBUS_SESSION_BUS_ADDRESS=unix:abstract=/tmp/dbus-XLPfZGLkWW,guid=6c224a4f7ab7ebff31b5d6ef00000015
COLORTERM=gnome-terminal
GNOME_KEYRING_CONTROL=/tmp/keyring-5Se3E7
MANDATORY_PATH=/usr/share/gconf/ubuntu-2d.mandatory.path
LOGNAME=yubo
WINDOWID=25165829
_=./a
DEFAULTS_PATH=/usr/share/gconf/ubuntu-2d.default.path
TERM=xterm-color
GNOME_DESKTOP_SESSION_ID=this-is-deprecated
PATH=/home/yubo/bin:/root/BcmXiaoQiang/external_toolchain/arm-xiaomi-linux-uclibcgnueabi/bin:/home/yubo/bin:/usr/lib/lightdm/lightdm:/usr/local/sbin:/usr/local/bin:/usr/sbin:/usr/bin:/sbin:/bin:/usr/games:/home/yubo/bin:/usr/local/eclipse
SESSION_MANAGER=local/home:@/tmp/.ICE-unix/2078,unix/home:/tmp/.ICE-unix/2078
XDG_SESSION_PATH=/org/freedesktop/DisplayManager/Session0
DISPLAY=:0
LANG=zh_CN.UTF-8
XDG_CURRENT_DESKTOP=Unity
XAUTHORITY=/home/yubo/.Xauthority
SSH_AUTH_SOCK=/tmp/keyring-5Se3E7/ssh
SHELL=/bin/bash
GDMSESSION=ubuntu-2d
GPG_AGENT_INFO=/tmp/keyring-5Se3E7/gpg:0:1
PWD=/home/yubo/program/c/pthread
XDG_CONFIG_DIRS=/etc/xdg/xdg-ubuntu-2d:/etc/xdg
XDG_DATA_DIRS=/usr/share/ubuntu-2d:/usr/share/gnome:/usr/local/share/:/usr/share/
TMUX_PANE=%32
TMUX=/tmp/tmux-1000/default,2714,0
USER=yubo
LANGUAGE=en_US:
SSH_AGENT_PID=2142
SHLVL=2
HOME=/home/yubo
OLDPWD=/home/yubo
XDG_SESSION_COOKIE=ab66fb49775892c0a0392a9746212400-1412167888.357699-1429995240
DESKTOP_SESSION=ubuntu-2d
XDG_SEAT_PATH=/org/freedesktop/DisplayManager/Seat0
PS1=[${debian_chroot:+($debian_chroot)}\u@\h:\w]\[\e[1;36m\]$(parse_git_branch)\[\e[0m\]\$
DBUS_SESSION_BUS_ADDRESS=unix:abstract=/tmp/dbus-XLPfZGLkWW,guid=6c224a4f7ab7ebff31b5d6ef00000015
COLORTERM=gnome-terminal
GNOME_KEYRING_CONTROL=/tmp/keyring-5Se3E7
MANDATORY_PATH=/usr/share/gconf/ubuntu-2d.mandatory.path
LOGNAME=yubo
WINDOWID=25165829
_=./a
DEFAULTS_PATH=/usr/share/gconf/ubuntu-2d.default.path
TERM=xterm-color
GNOME_DESKTOP_SESSION_ID=this-is-deprecated
PATH=/home/yubo/bin:/root/BcmXiaoQiang/external_toolchain/arm-xiaomi-linux-uclibcgnueabi/bin:/home/yubo/bin:/usr/lib/lightdm/lightdm:/usr/local/sbin:/usr/local/bin:/usr/sbin:/usr/bin:/sbin:/bin:/usr/games:/home/yubo/bin:/usr/local/eclipse
SESSION_MANAGER=local/home:@/tmp/.ICE-unix/2078,unix/home:/tmp/.ICE-unix/2078
XDG_SESSION_PATH=/org/freedesktop/DisplayManager/Session0
DISPLAY=:0
LANG=zh_CN.UTF-8
XDG_CURRENT_DESKTOP=Unity
XAUTHORITY=/home/yubo/.Xauthority
SSH_AUTH_SOCK=/tmp/keyring-5Se3E7/ssh
SHELL=/bin/bash
GDMSESSION=ubuntu-2d
GPG_AGENT_INFO=/tmp/keyring-5Se3E7/gpg:0:1
PWD=/home/yubo/program/c/pthread
XDG_CONFIG_DIRS=/etc/xdg/xdg-ubuntu-2d:/etc/xdg
XDG_DATA_DIRS=/usr/share/ubuntu-2d:/usr/share/gnome:/usr/local/share/:/usr/share/
TMUX_PANE=%32
TMUX=/tmp/tmux-1000/default,2714,0
USER=yubo
LANGUAGE=en_US:
SSH_AGENT_PID=2142
SHLVL=2
HOME=/home/yubo
OLDPWD=/home/yubo
XDG_SESSION_COOKIE=ab66fb49775892c0a0392a9746212400-1412167888.357699-1429995240
DESKTOP_SESSION=ubuntu-2d
XDG_SEAT_PATH=/org/freedesktop/DisplayManager/Seat0
PS1=[${debian_chroot:+($debian_chroot)}\u@\h:\w]\[\e[1;36m\]$(parse_git_branch)\[\e[0m\]\$
DBUS_SESSION_BUS_ADDRESS=unix:abstract=/tmp/dbus-XLPfZGLkWW,guid=6c224a4f7ab7ebff31b5d6ef00000015
COLORTERM=gnome-terminal
GNOME_KEYRING_CONTROL=/tmp/keyring-5Se3E7
MANDATORY_PATH=/usr/share/gconf/ubuntu-2d.mandatory.path
LOGNAME=yubo
WINDOWID=25165829
_=./a
DEFAULTS_PATH=/usr/share/gconf/ubuntu-2d.default.path
TERM=xterm-color
GNOME_DESKTOP_SESSION_ID=this-is-deprecated
PATH=/home/yubo/bin:/root/BcmXiaoQiang/external_toolchain/arm-xiaomi-linux-uclibcgnueabi/bin:/home/yubo/bin:/usr/lib/lightdm/lightdm:/usr/local/sbin:/usr/local/bin:/usr/sbin:/usr/bin:/sbin:/bin:/usr/games:/home/yubo/bin:/usr/local/eclipse
SESSION_MANAGER=local/home:@/tmp/.ICE-unix/2078,unix/home:/tmp/.ICE-unix/2078
XDG_SESSION_PATH=/org/freedesktop/DisplayManager/Session0
DISPLAY=:0
LANG=zh_CN.UTF-8
XDG_CURRENT_DESKTOP=Unity
XAUTHORITY=/home/yubo/.Xauthority
SSH_AUTH_SOCK=/tmp/keyring-5Se3E7/ssh
SHELL=/bin/bash
GDMSESSION=ubuntu-2d
GPG_AGENT_INFO=/tmp/keyring-5Se3E7/gpg:0:1
PWD=/home/yubo/program/c/pthread
XDG_CONFIG_DIRS=/etc/xdg/xdg-ubuntu-2d:/etc/xdg
XDG_DATA_DIRS=/usr/share/ubuntu-2d:/usr/share/gnome:/usr/local/share/:/usr/share/
TMUX_PANE=%32
TMUX=/tmp/tmux-1000/default,2714,0
USER=yubo
LANGUAGE=en_US:
SSH_AGENT_PID=2142
SHLVL=2
HOME=/home/yubo
OLDPWD=/home/yubo
XDG_SESSION_COOKIE=ab66fb49775892c0a0392a9746212400-1412167888.357699-1429995240
DESKTOP_SESSION=ubuntu-2d
XDG_SEAT_PATH=/org/freedesktop/DisplayManager/Seat0
PS1=[${debian_chroot:+($debian_chroot)}\u@\h:\w]\[\e[1;36m\]$(parse_git_branch)\[\e[0m\]\$
DBUS_SESSION_BUS_ADDRESS=unix:abstract=/tmp/dbus-XLPfZGLkWW,guid=6c224a4f7ab7ebff31b5d6ef00000015
COLORTERM=gnome-terminal
GNOME_KEYRING_CONTROL=/tmp/keyring-5Se3E7
MANDATORY_PATH=/usr/share/gconf/ubuntu-2d.mandatory.path
LOGNAME=yubo
WINDOWID=25165829
_=./a
DEFAULTS_PATH=/usr/share/gconf/ubuntu-2d.default.path
TERM=xterm-color
GNOME_DESKTOP_SESSION_ID=this-is-deprecated
PATH=/home/yubo/bin:/root/BcmXiaoQiang/external_toolchain/arm-xiaomi-linux-uclibcgnueabi/bin:/home/yubo/bin:/usr/lib/lightdm/lightdm:/usr/local/sbin:/usr/local/bin:/usr/sbin:/usr/bin:/sbin:/bin:/usr/games:/home/yubo/bin:/usr/local/eclipse
SESSION_MANAGER=local/home:@/tmp/.ICE-unix/2078,unix/home:/tmp/.ICE-unix/2078
XDG_SESSION_PATH=/org/freedesktop/DisplayManager/Session0
DISPLAY=:0
LANG=zh_CN.UTF-8
XDG_CURRENT_DESKTOP=Unity
XAUTHORITY=/home/yubo/.Xauthority
SSH_AUTH_SOCK=/tmp/keyring-5Se3E7/ssh
SHELL=/bin/bash
GDMSESSION=ubuntu-2d
GPG_AGENT_INFO=/tmp/keyring-5Se3E7/gpg:0:1
PWD=/home/yubo/program/c/pthread
XDG_CONFIG_DIRS=/etc/xdg/xdg-ubuntu-2d:/etc/xdg
XDG_DATA_DIRS=/usr/share/ubuntu-2d:/usr/share/gnome:/usr/local/share/:/usr/share/
TMUX_PANE=%32
2014年 11月 07日 星期五 08:08:00 PST
TMUX=/tmp/tmux-1000/default,2714,0
USER=yubo
LANGUAGE=en_US:
SSH_AGENT_PID=2142
SHLVL=2
HOME=/home/yubo
OLDPWD=/home/yubo
XDG_SESSION_COOKIE=ab66fb49775892c0a0392a9746212400-1412167888.357699-1429995240
DESKTOP_SESSION=ubuntu-2d
XDG_SEAT_PATH=/org/freedesktop/DisplayManager/Seat0
PS1=[${debian_chroot:+($debian_chroot)}\u@\h:\w]\[\e[1;36m\]$(parse_git_branch)\[\e[0m\]\$
DBUS_SESSION_BUS_ADDRESS=unix:abstract=/tmp/dbus-XLPfZGLkWW,guid=6c224a4f7ab7ebff31b5d6ef00000015
COLORTERM=gnome-terminal
GNOME_KEYRING_CONTROL=/tmp/keyring-5Se3E7
MANDATORY_PATH=/usr/share/gconf/ubuntu-2d.mandatory.path
LOGNAME=yubo
WINDOWID=25165829
_=./a
DEFAULTS_PATH=/usr/share/gconf/ubuntu-2d.default.path
TERM=xterm-color
GNOME_DESKTOP_SESSION_ID=this-is-deprecated
PATH=/home/yubo/bin:/root/BcmXiaoQiang/external_toolchain/arm-xiaomi-linux-uclibcgnueabi/bin:/home/yubo/bin:/usr/lib/lightdm/lightdm:/usr/local/sbin:/usr/local/bin:/usr/sbin:/usr/bin:/sbin:/bin:/usr/games:/home/yubo/bin:/usr/local/eclipse
SESSION_MANAGER=local/home:@/tmp/.ICE-unix/2078,unix/home:/tmp/.ICE-unix/2078
XDG_SESSION_PATH=/org/freedesktop/DisplayManager/Session0
DISPLAY=:0
LANG=zh_CN.UTF-8
XDG_CURRENT_DESKTOP=Unity
XAUTHORITY=/home/yubo/.Xauthority
SSH_AUTH_SOCK=/tmp/keyring-5Se3E7/ssh
SHELL=/bin/bash
GDMSESSION=ubuntu-2d
GPG_AGENT_INFO=/tmp/keyring-5Se3E7/gpg:0:1
PWD=/home/yubo/program/c/pthread
XDG_CONFIG_DIRS=/etc/xdg/xdg-ubuntu-2d:/etc/xdg
XDG_DATA_DIRS=/usr/share/ubuntu-2d:/usr/share/gnome:/usr/local/share/:/usr/share/
TMUX_PANE=%32
2014年 11月 07日 星期五 08:08:01 PST
TMUX=/tmp/tmux-1000/default,2714,0
USER=yubo
LANGUAGE=en_US:
SSH_AGENT_PID=2142
SHLVL=2
HOME=/home/yubo
OLDPWD=/home/yubo
XDG_SESSION_COOKIE=ab66fb49775892c0a0392a9746212400-1412167888.357699-1429995240
DESKTOP_SESSION=ubuntu-2d
XDG_SEAT_PATH=/org/freedesktop/DisplayManager/Seat0
PS1=[${debian_chroot:+($debian_chroot)}\u@\h:\w]\[\e[1;36m\]$(parse_git_branch)\[\e[0m\]\$
DBUS_SESSION_BUS_ADDRESS=unix:abstract=/tmp/dbus-XLPfZGLkWW,guid=6c224a4f7ab7ebff31b5d6ef00000015
COLORTERM=gnome-terminal
GNOME_KEYRING_CONTROL=/tmp/keyring-5Se3E7
MANDATORY_PATH=/usr/share/gconf/ubuntu-2d.mandatory.path
LOGNAME=yubo
WINDOWID=25165829
_=./a
DEFAULTS_PATH=/usr/share/gconf/ubuntu-2d.default.path
TERM=xterm-color
GNOME_DESKTOP_SESSION_ID=this-is-deprecated
PATH=/home/yubo/bin:/root/BcmXiaoQiang/external_toolchain/arm-xiaomi-linux-uclibcgnueabi/bin:/home/yubo/bin:/usr/lib/lightdm/lightdm:/usr/local/sbin:/usr/local/bin:/usr/sbin:/usr/bin:/sbin:/bin:/usr/games:/home/yubo/bin:/usr/local/eclipse
SESSION_MANAGER=local/home:@/tmp/.ICE-unix/2078,unix/home:/tmp/.ICE-unix/2078
XDG_SESSION_PATH=/org/freedesktop/DisplayManager/Session0
DISPLAY=:0
LANG=zh_CN.UTF-8
XDG_CURRENT_DESKTOP=Unity
XAUTHORITY=/home/yubo/.Xauthority
SSH_AUTH_SOCK=/tmp/keyring-5Se3E7/ssh
SHELL=/bin/bash
GDMSESSION=ubuntu-2d
GPG_AGENT_INFO=/tmp/keyring-5Se3E7/gpg:0:1
PWD=/home/yubo/program/c/pthread
XDG_CONFIG_DIRS=/etc/xdg/xdg-ubuntu-2d:/etc/xdg
XDG_DATA_DIRS=/usr/share/ubuntu-2d:/usr/share/gnome:/usr/local/share/:/usr/share/
TMUX_PANE=%32
2014年 11月 07日 星期五 08:08:02 PST
TMUX=/tmp/tmux-1000/default,2714,0
USER=yubo
LANGUAGE=en_US:
SSH_AGENT_PID=2142
SHLVL=2
HOME=/home/yubo
OLDPWD=/home/yubo
XDG_SESSION_COOKIE=ab66fb49775892c0a0392a9746212400-1412167888.357699-1429995240
DESKTOP_SESSION=ubuntu-2d
XDG_SEAT_PATH=/org/freedesktop/DisplayManager/Seat0
PS1=[${debian_chroot:+($debian_chroot)}\u@\h:\w]\[\e[1;36m\]$(parse_git_branch)\[\e[0m\]\$
DBUS_SESSION_BUS_ADDRESS=unix:abstract=/tmp/dbus-XLPfZGLkWW,guid=6c224a4f7ab7ebff31b5d6ef00000015
COLORTERM=gnome-terminal
GNOME_KEYRING_CONTROL=/tmp/keyring-5Se3E7
MANDATORY_PATH=/usr/share/gconf/ubuntu-2d.mandatory.path
LOGNAME=yubo
WINDOWID=25165829
_=./a
DEFAULTS_PATH=/usr/share/gconf/ubuntu-2d.default.path
TERM=xterm-color
GNOME_DESKTOP_SESSION_ID=this-is-deprecated
PATH=/home/yubo/bin:/root/BcmXiaoQiang/external_toolchain/arm-xiaomi-linux-uclibcgnueabi/bin:/home/yubo/bin:/usr/lib/lightdm/lightdm:/usr/local/sbin:/usr/local/bin:/usr/sbin:/usr/bin:/sbin:/bin:/usr/games:/home/yubo/bin:/usr/local/eclipse
SESSION_MANAGER=local/home:@/tmp/.ICE-unix/2078,unix/home:/tmp/.ICE-unix/2078
XDG_SESSION_PATH=/org/freedesktop/DisplayManager/Session0
DISPLAY=:0
LANG=zh_CN.UTF-8
XDG_CURRENT_DESKTOP=Unity
XAUTHORITY=/home/yubo/.Xauthority
SSH_AUTH_SOCK=/tmp/keyring-5Se3E7/ssh
SHELL=/bin/bash
GDMSESSION=ubuntu-2d
GPG_AGENT_INFO=/tmp/keyring-5Se3E7/gpg:0:1
PWD=/home/yubo/program/c/pthread
XDG_CONFIG_DIRS=/etc/xdg/xdg-ubuntu-2d:/etc/xdg
XDG_DATA_DIRS=/usr/share/ubuntu-2d:/usr/share/gnome:/usr/local/share/:/usr/share/
TMUX_PANE=%32
2014年 11月 07日 星期五 08:08:03 PST
TMUX=/tmp/tmux-1000/default,2714,0
USER=yubo
LANGUAGE=en_US:
SSH_AGENT_PID=2142
SHLVL=2
HOME=/home/yubo
OLDPWD=/home/yubo/program/c
XDG_SESSION_COOKIE=ab66fb49775892c0a0392a9746212400-1412167888.357699-1429995240
DESKTOP_SESSION=ubuntu-2d
XDG_SEAT_PATH=/org/freedesktop/DisplayManager/Seat0
PS1=[${debian_chroot:+($debian_chroot)}\u@\h:\w]\[\e[1;36m\]$(parse_git_branch)\[\e[0m\]\$
DBUS_SESSION_BUS_ADDRESS=unix:abstract=/tmp/dbus-XLPfZGLkWW,guid=6c224a4f7ab7ebff31b5d6ef00000015
COLORTERM=gnome-terminal
GNOME_KEYRING_CONTROL=/tmp/keyring-5Se3E7
MANDATORY_PATH=/usr/share/gconf/ubuntu-2d.mandatory.path
LOGNAME=yubo
WINDOWID=25165829
_=./a.sh
DEFAULTS_PATH=/usr/share/gconf/ubuntu-2d.default.path
TERM=xterm-color
GNOME_DESKTOP_SESSION_ID=this-is-deprecated
PATH=/home/yubo/bin:/root/BcmXiaoQiang/external_toolchain/arm-xiaomi-linux-uclibcgnueabi/bin:/home/yubo/bin:/usr/lib/lightdm/lightdm:/usr/local/sbin:/usr/local/bin:/usr/sbin:/usr/bin:/sbin:/bin:/usr/games:/home/yubo/bin:/usr/local/eclipse
SESSION_MANAGER=local/home:@/tmp/.ICE-unix/2078,unix/home:/tmp/.ICE-unix/2078
XDG_SESSION_PATH=/org/freedesktop/DisplayManager/Session0
DISPLAY=:0
LANG=zh_CN.UTF-8
XDG_CURRENT_DESKTOP=Unity
XAUTHORITY=/home/yubo/.Xauthority
SSH_AUTH_SOCK=/tmp/keyring-5Se3E7/ssh
SHELL=/bin/bash
GDMSESSION=ubuntu-2d
GPG_AGENT_INFO=/tmp/keyring-5Se3E7/gpg:0:1
PWD=/home/yubo/program/c/pthread
XDG_CONFIG_DIRS=/etc/xdg/xdg-ubuntu-2d:/etc/xdg
XDG_DATA_DIRS=/usr/share/ubuntu-2d:/usr/share/gnome:/usr/local/share/:/usr/share/
TMUX_PANE=%31
2014年 11月 07日 星期五 09:12:58 PST
TMUX=/tmp/tmux-1000/default,2714,0
USER=yubo
LANGUAGE=en_US:
SSH_AGENT_PID=2142
SHLVL=2
HOME=/home/yubo
OLDPWD=/home/yubo
XDG_SESSION_COOKIE=ab66fb49775892c0a0392a9746212400-1412167888.357699-1429995240
DESKTOP_SESSION=ubuntu-2d
XDG_SEAT_PATH=/org/freedesktop/DisplayManager/Seat0
PS1=[${debian_chroot:+($debian_chroot)}\u@\h:\w]\[\e[1;36m\]$(parse_git_branch)\[\e[0m\]\$
DBUS_SESSION_BUS_ADDRESS=unix:abstract=/tmp/dbus-XLPfZGLkWW,guid=6c224a4f7ab7ebff31b5d6ef00000015
COLORTERM=gnome-terminal
GNOME_KEYRING_CONTROL=/tmp/keyring-5Se3E7
MANDATORY_PATH=/usr/share/gconf/ubuntu-2d.mandatory.path
LOGNAME=yubo
WINDOWID=25165829
_=./a
DEFAULTS_PATH=/usr/share/gconf/ubuntu-2d.default.path
TERM=xterm-color
GNOME_DESKTOP_SESSION_ID=this-is-deprecated
PATH=/home/yubo/bin:/root/BcmXiaoQiang/external_toolchain/arm-xiaomi-linux-uclibcgnueabi/bin:/home/yubo/bin:/usr/lib/lightdm/lightdm:/usr/local/sbin:/usr/local/bin:/usr/sbin:/usr/bin:/sbin:/bin:/usr/games:/home/yubo/bin:/usr/local/eclipse
SESSION_MANAGER=local/home:@/tmp/.ICE-unix/2078,unix/home:/tmp/.ICE-unix/2078
XDG_SESSION_PATH=/org/freedesktop/DisplayManager/Session0
DISPLAY=:0
LANG=zh_CN.UTF-8
XDG_CURRENT_DESKTOP=Unity
XAUTHORITY=/home/yubo/.Xauthority
SSH_AUTH_SOCK=/tmp/keyring-5Se3E7/ssh
SHELL=/bin/bash
GDMSESSION=ubuntu-2d
GPG_AGENT_INFO=/tmp/keyring-5Se3E7/gpg:0:1
PWD=/home/yubo/program/c/pthread
XDG_CONFIG_DIRS=/etc/xdg/xdg-ubuntu-2d:/etc/xdg
XDG_DATA_DIRS=/usr/share/ubuntu-2d:/usr/share/gnome:/usr/local/share/:/usr/share/
TMUX_PANE=%32
2014年 11月 07日 星期五 09:13:06 PST
TMUX=/tmp/tmux-1000/default,2714,0
USER=yubo
LANGUAGE=en_US:
SSH_AGENT_PID=2142
SHLVL=2
HOME=/home/yubo
OLDPWD=/home/yubo
XDG_SESSION_COOKIE=ab66fb49775892c0a0392a9746212400-1412167888.357699-1429995240
DESKTOP_SESSION=ubuntu-2d
XDG_SEAT_PATH=/org/freedesktop/DisplayManager/Seat0
PS1=[${debian_chroot:+($debian_chroot)}\u@\h:\w]\[\e[1;36m\]$(parse_git_branch)\[\e[0m\]\$
DBUS_SESSION_BUS_ADDRESS=unix:abstract=/tmp/dbus-XLPfZGLkWW,guid=6c224a4f7ab7ebff31b5d6ef00000015
COLORTERM=gnome-terminal
GNOME_KEYRING_CONTROL=/tmp/keyring-5Se3E7
MANDATORY_PATH=/usr/share/gconf/ubuntu-2d.mandatory.path
LOGNAME=yubo
WINDOWID=25165829
_=./a
DEFAULTS_PATH=/usr/share/gconf/ubuntu-2d.default.path
TERM=xterm-color
GNOME_DESKTOP_SESSION_ID=this-is-deprecated
PATH=/home/yubo/bin:/root/BcmXiaoQiang/external_toolchain/arm-xiaomi-linux-uclibcgnueabi/bin:/home/yubo/bin:/usr/lib/lightdm/lightdm:/usr/local/sbin:/usr/local/bin:/usr/sbin:/usr/bin:/sbin:/bin:/usr/games:/home/yubo/bin:/usr/local/eclipse
SESSION_MANAGER=local/home:@/tmp/.ICE-unix/2078,unix/home:/tmp/.ICE-unix/2078
XDG_SESSION_PATH=/org/freedesktop/DisplayManager/Session0
DISPLAY=:0
LANG=zh_CN.UTF-8
XDG_CURRENT_DESKTOP=Unity
XAUTHORITY=/home/yubo/.Xauthority
SSH_AUTH_SOCK=/tmp/keyring-5Se3E7/ssh
SHELL=/bin/bash
GDMSESSION=ubuntu-2d
GPG_AGENT_INFO=/tmp/keyring-5Se3E7/gpg:0:1
PWD=/home/yubo/program/c/pthread
XDG_CONFIG_DIRS=/etc/xdg/xdg-ubuntu-2d:/etc/xdg
XDG_DATA_DIRS=/usr/share/ubuntu-2d:/usr/share/gnome:/usr/local/share/:/usr/share/
TMUX_PANE=%32
2014年 11月 07日 星期五 09:13:07 PST
TMUX=/tmp/tmux-1000/default,2714,0
USER=yubo
LANGUAGE=en_US:
SSH_AGENT_PID=2142
SHLVL=2
HOME=/home/yubo
OLDPWD=/home/yubo
XDG_SESSION_COOKIE=ab66fb49775892c0a0392a9746212400-1412167888.357699-1429995240
DESKTOP_SESSION=ubuntu-2d
XDG_SEAT_PATH=/org/freedesktop/DisplayManager/Seat0
PS1=[${debian_chroot:+($debian_chroot)}\u@\h:\w]\[\e[1;36m\]$(parse_git_branch)\[\e[0m\]\$
DBUS_SESSION_BUS_ADDRESS=unix:abstract=/tmp/dbus-XLPfZGLkWW,guid=6c224a4f7ab7ebff31b5d6ef00000015
COLORTERM=gnome-terminal
GNOME_KEYRING_CONTROL=/tmp/keyring-5Se3E7
MANDATORY_PATH=/usr/share/gconf/ubuntu-2d.mandatory.path
LOGNAME=yubo
WINDOWID=25165829
_=./a
DEFAULTS_PATH=/usr/share/gconf/ubuntu-2d.default.path
TERM=xterm-color
GNOME_DESKTOP_SESSION_ID=this-is-deprecated
PATH=/home/yubo/bin:/root/BcmXiaoQiang/external_toolchain/arm-xiaomi-linux-uclibcgnueabi/bin:/home/yubo/bin:/usr/lib/lightdm/lightdm:/usr/local/sbin:/usr/local/bin:/usr/sbin:/usr/bin:/sbin:/bin:/usr/games:/home/yubo/bin:/usr/local/eclipse
SESSION_MANAGER=local/home:@/tmp/.ICE-unix/2078,unix/home:/tmp/.ICE-unix/2078
XDG_SESSION_PATH=/org/freedesktop/DisplayManager/Session0
DISPLAY=:0
LANG=zh_CN.UTF-8
XDG_CURRENT_DESKTOP=Unity
XAUTHORITY=/home/yubo/.Xauthority
SSH_AUTH_SOCK=/tmp/keyring-5Se3E7/ssh
SHELL=/bin/bash
GDMSESSION=ubuntu-2d
GPG_AGENT_INFO=/tmp/keyring-5Se3E7/gpg:0:1
PWD=/home/yubo/program/c/pthread
XDG_CONFIG_DIRS=/etc/xdg/xdg-ubuntu-2d:/etc/xdg
XDG_DATA_DIRS=/usr/share/ubuntu-2d:/usr/share/gnome:/usr/local/share/:/usr/share/
TMUX_PANE=%32
2014年 11月 07日 星期五 09:13:08 PST
TMUX=/tmp/tmux-1000/default,2714,0
USER=yubo
LANGUAGE=en_US:
SSH_AGENT_PID=2142
SHLVL=2
HOME=/home/yubo
OLDPWD=/home/yubo
XDG_SESSION_COOKIE=ab66fb49775892c0a0392a9746212400-1412167888.357699-1429995240
DESKTOP_SESSION=ubuntu-2d
XDG_SEAT_PATH=/org/freedesktop/DisplayManager/Seat0
PS1=[${debian_chroot:+($debian_chroot)}\u@\h:\w]\[\e[1;36m\]$(parse_git_branch)\[\e[0m\]\$
DBUS_SESSION_BUS_ADDRESS=unix:abstract=/tmp/dbus-XLPfZGLkWW,guid=6c224a4f7ab7ebff31b5d6ef00000015
COLORTERM=gnome-terminal
GNOME_KEYRING_CONTROL=/tmp/keyring-5Se3E7
MANDATORY_PATH=/usr/share/gconf/ubuntu-2d.mandatory.path
LOGNAME=yubo
WINDOWID=25165829
_=./a
DEFAULTS_PATH=/usr/share/gconf/ubuntu-2d.default.path
TERM=xterm-color
GNOME_DESKTOP_SESSION_ID=this-is-deprecated
PATH=/home/yubo/bin:/root/BcmXiaoQiang/external_toolchain/arm-xiaomi-linux-uclibcgnueabi/bin:/home/yubo/bin:/usr/lib/lightdm/lightdm:/usr/local/sbin:/usr/local/bin:/usr/sbin:/usr/bin:/sbin:/bin:/usr/games:/home/yubo/bin:/usr/local/eclipse
SESSION_MANAGER=local/home:@/tmp/.ICE-unix/2078,unix/home:/tmp/.ICE-unix/2078
XDG_SESSION_PATH=/org/freedesktop/DisplayManager/Session0
DISPLAY=:0
LANG=zh_CN.UTF-8
XDG_CURRENT_DESKTOP=Unity
XAUTHORITY=/home/yubo/.Xauthority
SSH_AUTH_SOCK=/tmp/keyring-5Se3E7/ssh
SHELL=/bin/bash
GDMSESSION=ubuntu-2d
GPG_AGENT_INFO=/tmp/keyring-5Se3E7/gpg:0:1
PWD=/home/yubo/program/c/pthread
XDG_CONFIG_DIRS=/etc/xdg/xdg-ubuntu-2d:/etc/xdg
XDG_DATA_DIRS=/usr/share/ubuntu-2d:/usr/share/gnome:/usr/local/share/:/usr/share/
TMUX_PANE=%32
2014年 11月 07日 星期五 09:13:09 PST
TMUX=/tmp/tmux-1000/default,2714,0
USER=yubo
LANGUAGE=en_US:
SSH_AGENT_PID=2142
SHLVL=2
HOME=/home/yubo
OLDPWD=/home/yubo
XDG_SESSION_COOKIE=ab66fb49775892c0a0392a9746212400-1412167888.357699-1429995240
DESKTOP_SESSION=ubuntu-2d
XDG_SEAT_PATH=/org/freedesktop/DisplayManager/Seat0
PS1=[${debian_chroot:+($debian_chroot)}\u@\h:\w]\[\e[1;36m\]$(parse_git_branch)\[\e[0m\]\$
DBUS_SESSION_BUS_ADDRESS=unix:abstract=/tmp/dbus-XLPfZGLkWW,guid=6c224a4f7ab7ebff31b5d6ef00000015
COLORTERM=gnome-terminal
GNOME_KEYRING_CONTROL=/tmp/keyring-5Se3E7
MANDATORY_PATH=/usr/share/gconf/ubuntu-2d.mandatory.path
LOGNAME=yubo
WINDOWID=25165829
_=./a
DEFAULTS_PATH=/usr/share/gconf/ubuntu-2d.default.path
TERM=xterm-color
GNOME_DESKTOP_SESSION_ID=this-is-deprecated
PATH=/home/yubo/bin:/root/BcmXiaoQiang/external_toolchain/arm-xiaomi-linux-uclibcgnueabi/bin:/home/yubo/bin:/usr/lib/lightdm/lightdm:/usr/local/sbin:/usr/local/bin:/usr/sbin:/usr/bin:/sbin:/bin:/usr/games:/home/yubo/bin:/usr/local/eclipse
SESSION_MANAGER=local/home:@/tmp/.ICE-unix/2078,unix/home:/tmp/.ICE-unix/2078
XDG_SESSION_PATH=/org/freedesktop/DisplayManager/Session0
DISPLAY=:0
LANG=zh_CN.UTF-8
XDG_CURRENT_DESKTOP=Unity
XAUTHORITY=/home/yubo/.Xauthority
SSH_AUTH_SOCK=/tmp/keyring-5Se3E7/ssh
SHELL=/bin/bash
GDMSESSION=ubuntu-2d
GPG_AGENT_INFO=/tmp/keyring-5Se3E7/gpg:0:1
PWD=/home/yubo/program/c/pthread
XDG_CONFIG_DIRS=/etc/xdg/xdg-ubuntu-2d:/etc/xdg
XDG_DATA_DIRS=/usr/share/ubuntu-2d:/usr/share/gnome:/usr/local/share/:/usr/share/
TMUX_PANE=%32
2014年 11月 07日 星期五 09:13:10 PST
TMUX=/tmp/tmux-1000/default,2714,0
USER=yubo
LANGUAGE=en_US:
SSH_AGENT_PID=2142
SHLVL=2
HOME=/home/yubo
OLDPWD=/home/yubo
XDG_SESSION_COOKIE=ab66fb49775892c0a0392a9746212400-1412167888.357699-1429995240
DESKTOP_SESSION=ubuntu-2d
XDG_SEAT_PATH=/org/freedesktop/DisplayManager/Seat0
PS1=[${debian_chroot:+($debian_chroot)}\u@\h:\w]\[\e[1;36m\]$(parse_git_branch)\[\e[0m\]\$
DBUS_SESSION_BUS_ADDRESS=unix:abstract=/tmp/dbus-XLPfZGLkWW,guid=6c224a4f7ab7ebff31b5d6ef00000015
COLORTERM=gnome-terminal
GNOME_KEYRING_CONTROL=/tmp/keyring-5Se3E7
MANDATORY_PATH=/usr/share/gconf/ubuntu-2d.mandatory.path
LOGNAME=yubo
WINDOWID=25165829
_=./a
DEFAULTS_PATH=/usr/share/gconf/ubuntu-2d.default.path
TERM=xterm-color
GNOME_DESKTOP_SESSION_ID=this-is-deprecated
PATH=/home/yubo/bin:/root/BcmXiaoQiang/external_toolchain/arm-xiaomi-linux-uclibcgnueabi/bin:/home/yubo/bin:/usr/lib/lightdm/lightdm:/usr/local/sbin:/usr/local/bin:/usr/sbin:/usr/bin:/sbin:/bin:/usr/games:/home/yubo/bin:/usr/local/eclipse
SESSION_MANAGER=local/home:@/tmp/.ICE-unix/2078,unix/home:/tmp/.ICE-unix/2078
XDG_SESSION_PATH=/org/freedesktop/DisplayManager/Session0
DISPLAY=:0
LANG=zh_CN.UTF-8
XDG_CURRENT_DESKTOP=Unity
XAUTHORITY=/home/yubo/.Xauthority
SSH_AUTH_SOCK=/tmp/keyring-5Se3E7/ssh
SHELL=/bin/bash
GDMSESSION=ubuntu-2d
GPG_AGENT_INFO=/tmp/keyring-5Se3E7/gpg:0:1
PWD=/home/yubo/program/c/pthread
XDG_CONFIG_DIRS=/etc/xdg/xdg-ubuntu-2d:/etc/xdg
XDG_DATA_DIRS=/usr/share/ubuntu-2d:/usr/share/gnome:/usr/local/share/:/usr/share/
TMUX_PANE=%32
2014年 11月 07日 星期五 09:13:11 PST
TMUX=/tmp/tmux-1000/default,2714,0
USER=yubo
LANGUAGE=en_US:
SSH_AGENT_PID=2142
SHLVL=2
HOME=/home/yubo
OLDPWD=/home/yubo
XDG_SESSION_COOKIE=ab66fb49775892c0a0392a9746212400-1412167888.357699-1429995240
DESKTOP_SESSION=ubuntu-2d
XDG_SEAT_PATH=/org/freedesktop/DisplayManager/Seat0
PS1=[${debian_chroot:+($debian_chroot)}\u@\h:\w]\[\e[1;36m\]$(parse_git_branch)\[\e[0m\]\$
DBUS_SESSION_BUS_ADDRESS=unix:abstract=/tmp/dbus-XLPfZGLkWW,guid=6c224a4f7ab7ebff31b5d6ef00000015
COLORTERM=gnome-terminal
GNOME_KEYRING_CONTROL=/tmp/keyring-5Se3E7
MANDATORY_PATH=/usr/share/gconf/ubuntu-2d.mandatory.path
LOGNAME=yubo
WINDOWID=25165829
_=./a
DEFAULTS_PATH=/usr/share/gconf/ubuntu-2d.default.path
TERM=xterm-color
GNOME_DESKTOP_SESSION_ID=this-is-deprecated
PATH=/home/yubo/bin:/root/BcmXiaoQiang/external_toolchain/arm-xiaomi-linux-uclibcgnueabi/bin:/home/yubo/bin:/usr/lib/lightdm/lightdm:/usr/local/sbin:/usr/local/bin:/usr/sbin:/usr/bin:/sbin:/bin:/usr/games:/home/yubo/bin:/usr/local/eclipse
SESSION_MANAGER=local/home:@/tmp/.ICE-unix/2078,unix/home:/tmp/.ICE-unix/2078
XDG_SESSION_PATH=/org/freedesktop/DisplayManager/Session0
DISPLAY=:0
LANG=zh_CN.UTF-8
XDG_CURRENT_DESKTOP=Unity
XAUTHORITY=/home/yubo/.Xauthority
SSH_AUTH_SOCK=/tmp/keyring-5Se3E7/ssh
SHELL=/bin/bash
GDMSESSION=ubuntu-2d
GPG_AGENT_INFO=/tmp/keyring-5Se3E7/gpg:0:1
PWD=/home/yubo/program/c/pthread
XDG_CONFIG_DIRS=/etc/xdg/xdg-ubuntu-2d:/etc/xdg
XDG_DATA_DIRS=/usr/share/ubuntu-2d:/usr/share/gnome:/usr/local/share/:/usr/share/
TMUX_PANE=%32
2014年 11月 07日 星期五 09:13:12 PST
TMUX=/tmp/tmux-1000/default,2714,0
USER=yubo
LANGUAGE=en_US:
SSH_AGENT_PID=2142
SHLVL=2
HOME=/home/yubo
OLDPWD=/home/yubo
XDG_SESSION_COOKIE=ab66fb49775892c0a0392a9746212400-1412167888.357699-1429995240
DESKTOP_SESSION=ubuntu-2d
XDG_SEAT_PATH=/org/freedesktop/DisplayManager/Seat0
PS1=[${debian_chroot:+($debian_chroot)}\u@\h:\w]\[\e[1;36m\]$(parse_git_branch)\[\e[0m\]\$
DBUS_SESSION_BUS_ADDRESS=unix:abstract=/tmp/dbus-XLPfZGLkWW,guid=6c224a4f7ab7ebff31b5d6ef00000015
COLORTERM=gnome-terminal
GNOME_KEYRING_CONTROL=/tmp/keyring-5Se3E7
MANDATORY_PATH=/usr/share/gconf/ubuntu-2d.mandatory.path
LOGNAME=yubo
WINDOWID=25165829
_=./a
DEFAULTS_PATH=/usr/share/gconf/ubuntu-2d.default.path
TERM=xterm-color
GNOME_DESKTOP_SESSION_ID=this-is-deprecated
PATH=/home/yubo/bin:/root/BcmXiaoQiang/external_toolchain/arm-xiaomi-linux-uclibcgnueabi/bin:/home/yubo/bin:/usr/lib/lightdm/lightdm:/usr/local/sbin:/usr/local/bin:/usr/sbin:/usr/bin:/sbin:/bin:/usr/games:/home/yubo/bin:/usr/local/eclipse
SESSION_MANAGER=local/home:@/tmp/.ICE-unix/2078,unix/home:/tmp/.ICE-unix/2078
XDG_SESSION_PATH=/org/freedesktop/DisplayManager/Session0
DISPLAY=:0
LANG=zh_CN.UTF-8
XDG_CURRENT_DESKTOP=Unity
XAUTHORITY=/home/yubo/.Xauthority
SSH_AUTH_SOCK=/tmp/keyring-5Se3E7/ssh
SHELL=/bin/bash
GDMSESSION=ubuntu-2d
GPG_AGENT_INFO=/tmp/keyring-5Se3E7/gpg:0:1
PWD=/home/yubo/program/c/pthread
XDG_CONFIG_DIRS=/etc/xdg/xdg-ubuntu-2d:/etc/xdg
XDG_DATA_DIRS=/usr/share/ubuntu-2d:/usr/share/gnome:/usr/local/share/:/usr/share/
TMUX_PANE=%32
2014年 11月 07日 星期五 09:13:13 PST
TMUX=/tmp/tmux-1000/default,2714,0
USER=yubo
LANGUAGE=en_US:
SSH_AGENT_PID=2142
SHLVL=2
HOME=/home/yubo
OLDPWD=/home/yubo
XDG_SESSION_COOKIE=ab66fb49775892c0a0392a9746212400-1412167888.357699-1429995240
DESKTOP_SESSION=ubuntu-2d
XDG_SEAT_PATH=/org/freedesktop/DisplayManager/Seat0
PS1=[${debian_chroot:+($debian_chroot)}\u@\h:\w]\[\e[1;36m\]$(parse_git_branch)\[\e[0m\]\$
DBUS_SESSION_BUS_ADDRESS=unix:abstract=/tmp/dbus-XLPfZGLkWW,guid=6c224a4f7ab7ebff31b5d6ef00000015
COLORTERM=gnome-terminal
GNOME_KEYRING_CONTROL=/tmp/keyring-5Se3E7
MANDATORY_PATH=/usr/share/gconf/ubuntu-2d.mandatory.path
LOGNAME=yubo
WINDOWID=25165829
_=./a
DEFAULTS_PATH=/usr/share/gconf/ubuntu-2d.default.path
TERM=xterm-color
GNOME_DESKTOP_SESSION_ID=this-is-deprecated
PATH=/home/yubo/bin:/root/BcmXiaoQiang/external_toolchain/arm-xiaomi-linux-uclibcgnueabi/bin:/home/yubo/bin:/usr/lib/lightdm/lightdm:/usr/local/sbin:/usr/local/bin:/usr/sbin:/usr/bin:/sbin:/bin:/usr/games:/home/yubo/bin:/usr/local/eclipse
SESSION_MANAGER=local/home:@/tmp/.ICE-unix/2078,unix/home:/tmp/.ICE-unix/2078
XDG_SESSION_PATH=/org/freedesktop/DisplayManager/Session0
DISPLAY=:0
LANG=zh_CN.UTF-8
XDG_CURRENT_DESKTOP=Unity
XAUTHORITY=/home/yubo/.Xauthority
SSH_AUTH_SOCK=/tmp/keyring-5Se3E7/ssh
SHELL=/bin/bash
GDMSESSION=ubuntu-2d
GPG_AGENT_INFO=/tmp/keyring-5Se3E7/gpg:0:1
PWD=/home/yubo/program/c/pthread
XDG_CONFIG_DIRS=/etc/xdg/xdg-ubuntu-2d:/etc/xdg
XDG_DATA_DIRS=/usr/share/ubuntu-2d:/usr/share/gnome:/usr/local/share/:/usr/share/
TMUX_PANE=%32
2014年 11月 07日 星期五 09:13:14 PST
TMUX=/tmp/tmux-1000/default,2714,0
USER=yubo
LANGUAGE=en_US:
SSH_AGENT_PID=2142
SHLVL=2
HOME=/home/yubo
OLDPWD=/home/yubo
XDG_SESSION_COOKIE=ab66fb49775892c0a0392a9746212400-1412167888.357699-1429995240
DESKTOP_SESSION=ubuntu-2d
XDG_SEAT_PATH=/org/freedesktop/DisplayManager/Seat0
PS1=[${debian_chroot:+($debian_chroot)}\u@\h:\w]\[\e[1;36m\]$(parse_git_branch)\[\e[0m\]\$
DBUS_SESSION_BUS_ADDRESS=unix:abstract=/tmp/dbus-XLPfZGLkWW,guid=6c224a4f7ab7ebff31b5d6ef00000015
COLORTERM=gnome-terminal
GNOME_KEYRING_CONTROL=/tmp/keyring-5Se3E7
MANDATORY_PATH=/usr/share/gconf/ubuntu-2d.mandatory.path
LOGNAME=yubo
WINDOWID=25165829
_=./a
DEFAULTS_PATH=/usr/share/gconf/ubuntu-2d.default.path
TERM=xterm-color
GNOME_DESKTOP_SESSION_ID=this-is-deprecated
PATH=/home/yubo/bin:/root/BcmXiaoQiang/external_toolchain/arm-xiaomi-linux-uclibcgnueabi/bin:/home/yubo/bin:/usr/lib/lightdm/lightdm:/usr/local/sbin:/usr/local/bin:/usr/sbin:/usr/bin:/sbin:/bin:/usr/games:/home/yubo/bin:/usr/local/eclipse
SESSION_MANAGER=local/home:@/tmp/.ICE-unix/2078,unix/home:/tmp/.ICE-unix/2078
XDG_SESSION_PATH=/org/freedesktop/DisplayManager/Session0
DISPLAY=:0
LANG=zh_CN.UTF-8
XDG_CURRENT_DESKTOP=Unity
XAUTHORITY=/home/yubo/.Xauthority
SSH_AUTH_SOCK=/tmp/keyring-5Se3E7/ssh
SHELL=/bin/bash
GDMSESSION=ubuntu-2d
GPG_AGENT_INFO=/tmp/keyring-5Se3E7/gpg:0:1
PWD=/home/yubo/program/c/pthread
XDG_CONFIG_DIRS=/etc/xdg/xdg-ubuntu-2d:/etc/xdg
XDG_DATA_DIRS=/usr/share/ubuntu-2d:/usr/share/gnome:/usr/local/share/:/usr/share/
TMUX_PANE=%32
2014年 11月 07日 星期五 09:13:15 PST
TMUX=/tmp/tmux-1000/default,2714,0
USER=yubo
LANGUAGE=en_US:
SSH_AGENT_PID=2142
SHLVL=2
HOME=/home/yubo
OLDPWD=/home/yubo
XDG_SESSION_COOKIE=ab66fb49775892c0a0392a9746212400-1412167888.357699-1429995240
DESKTOP_SESSION=ubuntu-2d
XDG_SEAT_PATH=/org/freedesktop/DisplayManager/Seat0
PS1=[${debian_chroot:+($debian_chroot)}\u@\h:\w]\[\e[1;36m\]$(parse_git_branch)\[\e[0m\]\$
DBUS_SESSION_BUS_ADDRESS=unix:abstract=/tmp/dbus-XLPfZGLkWW,guid=6c224a4f7ab7ebff31b5d6ef00000015
COLORTERM=gnome-terminal
GNOME_KEYRING_CONTROL=/tmp/keyring-5Se3E7
MANDATORY_PATH=/usr/share/gconf/ubuntu-2d.mandatory.path
LOGNAME=yubo
WINDOWID=25165829
_=./a
DEFAULTS_PATH=/usr/share/gconf/ubuntu-2d.default.path
TERM=xterm-color
GNOME_DESKTOP_SESSION_ID=this-is-deprecated
PATH=/home/yubo/bin:/root/BcmXiaoQiang/external_toolchain/arm-xiaomi-linux-uclibcgnueabi/bin:/home/yubo/bin:/usr/lib/lightdm/lightdm:/usr/local/sbin:/usr/local/bin:/usr/sbin:/usr/bin:/sbin:/bin:/usr/games:/home/yubo/bin:/usr/local/eclipse
SESSION_MANAGER=local/home:@/tmp/.ICE-unix/2078,unix/home:/tmp/.ICE-unix/2078
XDG_SESSION_PATH=/org/freedesktop/DisplayManager/Session0
DISPLAY=:0
LANG=zh_CN.UTF-8
XDG_CURRENT_DESKTOP=Unity
XAUTHORITY=/home/yubo/.Xauthority
SSH_AUTH_SOCK=/tmp/keyring-5Se3E7/ssh
SHELL=/bin/bash
GDMSESSION=ubuntu-2d
GPG_AGENT_INFO=/tmp/keyring-5Se3E7/gpg:0:1
PWD=/home/yubo/program/c/pthread
XDG_CONFIG_DIRS=/etc/xdg/xdg-ubuntu-2d:/etc/xdg
XDG_DATA_DIRS=/usr/share/ubuntu-2d:/usr/share/gnome:/usr/local/share/:/usr/share/
TMUX_PANE=%32
2014年 11月 07日 星期五 09:13:16 PST
TMUX=/tmp/tmux-1000/default,2714,0
USER=yubo
LANGUAGE=en_US:
SSH_AGENT_PID=2142
SHLVL=2
HOME=/home/yubo
OLDPWD=/home/yubo
XDG_SESSION_COOKIE=ab66fb49775892c0a0392a9746212400-1412167888.357699-1429995240
DESKTOP_SESSION=ubuntu-2d
XDG_SEAT_PATH=/org/freedesktop/DisplayManager/Seat0
PS1=[${debian_chroot:+($debian_chroot)}\u@\h:\w]\[\e[1;36m\]$(parse_git_branch)\[\e[0m\]\$
DBUS_SESSION_BUS_ADDRESS=unix:abstract=/tmp/dbus-XLPfZGLkWW,guid=6c224a4f7ab7ebff31b5d6ef00000015
COLORTERM=gnome-terminal
GNOME_KEYRING_CONTROL=/tmp/keyring-5Se3E7
MANDATORY_PATH=/usr/share/gconf/ubuntu-2d.mandatory.path
LOGNAME=yubo
WINDOWID=25165829
_=./a
DEFAULTS_PATH=/usr/share/gconf/ubuntu-2d.default.path
TERM=xterm-color
GNOME_DESKTOP_SESSION_ID=this-is-deprecated
PATH=/home/yubo/bin:/root/BcmXiaoQiang/external_toolchain/arm-xiaomi-linux-uclibcgnueabi/bin:/home/yubo/bin:/usr/lib/lightdm/lightdm:/usr/local/sbin:/usr/local/bin:/usr/sbin:/usr/bin:/sbin:/bin:/usr/games:/home/yubo/bin:/usr/local/eclipse
SESSION_MANAGER=local/home:@/tmp/.ICE-unix/2078,unix/home:/tmp/.ICE-unix/2078
XDG_SESSION_PATH=/org/freedesktop/DisplayManager/Session0
DISPLAY=:0
LANG=zh_CN.UTF-8
XDG_CURRENT_DESKTOP=Unity
XAUTHORITY=/home/yubo/.Xauthority
SSH_AUTH_SOCK=/tmp/keyring-5Se3E7/ssh
SHELL=/bin/bash
GDMSESSION=ubuntu-2d
GPG_AGENT_INFO=/tmp/keyring-5Se3E7/gpg:0:1
PWD=/home/yubo/program/c/pthread
XDG_CONFIG_DIRS=/etc/xdg/xdg-ubuntu-2d:/etc/xdg
XDG_DATA_DIRS=/usr/share/ubuntu-2d:/usr/share/gnome:/usr/local/share/:/usr/share/
TMUX_PANE=%32
2014年 11月 07日 星期五 09:13:17 PST
TMUX=/tmp/tmux-1000/default,2714,0
USER=yubo
LANGUAGE=en_US:
SSH_AGENT_PID=2142
SHLVL=2
HOME=/home/yubo
OLDPWD=/home/yubo
XDG_SESSION_COOKIE=ab66fb49775892c0a0392a9746212400-1412167888.357699-1429995240
DESKTOP_SESSION=ubuntu-2d
XDG_SEAT_PATH=/org/freedesktop/DisplayManager/Seat0
PS1=[${debian_chroot:+($debian_chroot)}\u@\h:\w]\[\e[1;36m\]$(parse_git_branch)\[\e[0m\]\$
DBUS_SESSION_BUS_ADDRESS=unix:abstract=/tmp/dbus-XLPfZGLkWW,guid=6c224a4f7ab7ebff31b5d6ef00000015
COLORTERM=gnome-terminal
GNOME_KEYRING_CONTROL=/tmp/keyring-5Se3E7
MANDATORY_PATH=/usr/share/gconf/ubuntu-2d.mandatory.path
LOGNAME=yubo
WINDOWID=25165829
_=./a
DEFAULTS_PATH=/usr/share/gconf/ubuntu-2d.default.path
TERM=xterm-color
GNOME_DESKTOP_SESSION_ID=this-is-deprecated
PATH=/home/yubo/bin:/root/BcmXiaoQiang/external_toolchain/arm-xiaomi-linux-uclibcgnueabi/bin:/home/yubo/bin:/usr/lib/lightdm/lightdm:/usr/local/sbin:/usr/local/bin:/usr/sbin:/usr/bin:/sbin:/bin:/usr/games:/home/yubo/bin:/usr/local/eclipse
SESSION_MANAGER=local/home:@/tmp/.ICE-unix/2078,unix/home:/tmp/.ICE-unix/2078
XDG_SESSION_PATH=/org/freedesktop/DisplayManager/Session0
DISPLAY=:0
LANG=zh_CN.UTF-8
XDG_CURRENT_DESKTOP=Unity
XAUTHORITY=/home/yubo/.Xauthority
SSH_AUTH_SOCK=/tmp/keyring-5Se3E7/ssh
SHELL=/bin/bash
GDMSESSION=ubuntu-2d
GPG_AGENT_INFO=/tmp/keyring-5Se3E7/gpg:0:1
PWD=/home/yubo/program/c/pthread
XDG_CONFIG_DIRS=/etc/xdg/xdg-ubuntu-2d:/etc/xdg
XDG_DATA_DIRS=/usr/share/ubuntu-2d:/usr/share/gnome:/usr/local/share/:/usr/share/
TMUX_PANE=%32
2014年 11月 07日 星期五 09:13:18 PST
TMUX=/tmp/tmux-1000/default,2714,0
USER=yubo
LANGUAGE=en_US:
SSH_AGENT_PID=2142
SHLVL=2
HOME=/home/yubo
OLDPWD=/home/yubo
XDG_SESSION_COOKIE=ab66fb49775892c0a0392a9746212400-1412167888.357699-1429995240
DESKTOP_SESSION=ubuntu-2d
XDG_SEAT_PATH=/org/freedesktop/DisplayManager/Seat0
PS1=[${debian_chroot:+($debian_chroot)}\u@\h:\w]\[\e[1;36m\]$(parse_git_branch)\[\e[0m\]\$
DBUS_SESSION_BUS_ADDRESS=unix:abstract=/tmp/dbus-XLPfZGLkWW,guid=6c224a4f7ab7ebff31b5d6ef00000015
COLORTERM=gnome-terminal
GNOME_KEYRING_CONTROL=/tmp/keyring-5Se3E7
MANDATORY_PATH=/usr/share/gconf/ubuntu-2d.mandatory.path
LOGNAME=yubo
WINDOWID=25165829
_=./a
DEFAULTS_PATH=/usr/share/gconf/ubuntu-2d.default.path
TERM=xterm-color
GNOME_DESKTOP_SESSION_ID=this-is-deprecated
PATH=/home/yubo/bin:/root/BcmXiaoQiang/external_toolchain/arm-xiaomi-linux-uclibcgnueabi/bin:/home/yubo/bin:/usr/lib/lightdm/lightdm:/usr/local/sbin:/usr/local/bin:/usr/sbin:/usr/bin:/sbin:/bin:/usr/games:/home/yubo/bin:/usr/local/eclipse
SESSION_MANAGER=local/home:@/tmp/.ICE-unix/2078,unix/home:/tmp/.ICE-unix/2078
XDG_SESSION_PATH=/org/freedesktop/DisplayManager/Session0
DISPLAY=:0
LANG=zh_CN.UTF-8
XDG_CURRENT_DESKTOP=Unity
XAUTHORITY=/home/yubo/.Xauthority
SSH_AUTH_SOCK=/tmp/keyring-5Se3E7/ssh
SHELL=/bin/bash
GDMSESSION=ubuntu-2d
GPG_AGENT_INFO=/tmp/keyring-5Se3E7/gpg:0:1
PWD=/home/yubo/program/c/pthread
XDG_CONFIG_DIRS=/etc/xdg/xdg-ubuntu-2d:/etc/xdg
XDG_DATA_DIRS=/usr/share/ubuntu-2d:/usr/share/gnome:/usr/local/share/:/usr/share/
TMUX_PANE=%32
2014年 11月 07日 星期五 09:13:19 PST
TMUX=/tmp/tmux-1000/default,2714,0
USER=yubo
LANGUAGE=en_US:
SSH_AGENT_PID=2142
SHLVL=2
HOME=/home/yubo
OLDPWD=/home/yubo
XDG_SESSION_COOKIE=ab66fb49775892c0a0392a9746212400-1412167888.357699-1429995240
DESKTOP_SESSION=ubuntu-2d
XDG_SEAT_PATH=/org/freedesktop/DisplayManager/Seat0
PS1=[${debian_chroot:+($debian_chroot)}\u@\h:\w]\[\e[1;36m\]$(parse_git_branch)\[\e[0m\]\$
DBUS_SESSION_BUS_ADDRESS=unix:abstract=/tmp/dbus-XLPfZGLkWW,guid=6c224a4f7ab7ebff31b5d6ef00000015
COLORTERM=gnome-terminal
GNOME_KEYRING_CONTROL=/tmp/keyring-5Se3E7
MANDATORY_PATH=/usr/share/gconf/ubuntu-2d.mandatory.path
LOGNAME=yubo
WINDOWID=25165829
_=./a
DEFAULTS_PATH=/usr/share/gconf/ubuntu-2d.default.path
TERM=xterm-color
GNOME_DESKTOP_SESSION_ID=this-is-deprecated
PATH=/home/yubo/bin:/root/BcmXiaoQiang/external_toolchain/arm-xiaomi-linux-uclibcgnueabi/bin:/home/yubo/bin:/usr/lib/lightdm/lightdm:/usr/local/sbin:/usr/local/bin:/usr/sbin:/usr/bin:/sbin:/bin:/usr/games:/home/yubo/bin:/usr/local/eclipse
SESSION_MANAGER=local/home:@/tmp/.ICE-unix/2078,unix/home:/tmp/.ICE-unix/2078
XDG_SESSION_PATH=/org/freedesktop/DisplayManager/Session0
DISPLAY=:0
LANG=zh_CN.UTF-8
XDG_CURRENT_DESKTOP=Unity
XAUTHORITY=/home/yubo/.Xauthority
SSH_AUTH_SOCK=/tmp/keyring-5Se3E7/ssh
SHELL=/bin/bash
GDMSESSION=ubuntu-2d
GPG_AGENT_INFO=/tmp/keyring-5Se3E7/gpg:0:1
PWD=/home/yubo/program/c/pthread
XDG_CONFIG_DIRS=/etc/xdg/xdg-ubuntu-2d:/etc/xdg
XDG_DATA_DIRS=/usr/share/ubuntu-2d:/usr/share/gnome:/usr/local/share/:/usr/share/
TMUX_PANE=%32
2014年 11月 07日 星期五 09:13:20 PST
TMUX=/tmp/tmux-1000/default,2714,0
USER=yubo
LANGUAGE=en_US:
SSH_AGENT_PID=2142
SHLVL=2
HOME=/home/yubo
OLDPWD=/home/yubo
XDG_SESSION_COOKIE=ab66fb49775892c0a0392a9746212400-1412167888.357699-1429995240
DESKTOP_SESSION=ubuntu-2d
XDG_SEAT_PATH=/org/freedesktop/DisplayManager/Seat0
PS1=[${debian_chroot:+($debian_chroot)}\u@\h:\w]\[\e[1;36m\]$(parse_git_branch)\[\e[0m\]\$
DBUS_SESSION_BUS_ADDRESS=unix:abstract=/tmp/dbus-XLPfZGLkWW,guid=6c224a4f7ab7ebff31b5d6ef00000015
COLORTERM=gnome-terminal
GNOME_KEYRING_CONTROL=/tmp/keyring-5Se3E7
MANDATORY_PATH=/usr/share/gconf/ubuntu-2d.mandatory.path
LOGNAME=yubo
WINDOWID=25165829
_=./a
DEFAULTS_PATH=/usr/share/gconf/ubuntu-2d.default.path
TERM=xterm-color
GNOME_DESKTOP_SESSION_ID=this-is-deprecated
PATH=/home/yubo/bin:/root/BcmXiaoQiang/external_toolchain/arm-xiaomi-linux-uclibcgnueabi/bin:/home/yubo/bin:/usr/lib/lightdm/lightdm:/usr/local/sbin:/usr/local/bin:/usr/sbin:/usr/bin:/sbin:/bin:/usr/games:/home/yubo/bin:/usr/local/eclipse
SESSION_MANAGER=local/home:@/tmp/.ICE-unix/2078,unix/home:/tmp/.ICE-unix/2078
XDG_SESSION_PATH=/org/freedesktop/DisplayManager/Session0
DISPLAY=:0
LANG=zh_CN.UTF-8
XDG_CURRENT_DESKTOP=Unity
XAUTHORITY=/home/yubo/.Xauthority
SSH_AUTH_SOCK=/tmp/keyring-5Se3E7/ssh
SHELL=/bin/bash
GDMSESSION=ubuntu-2d
GPG_AGENT_INFO=/tmp/keyring-5Se3E7/gpg:0:1
PWD=/home/yubo/program/c/pthread
XDG_CONFIG_DIRS=/etc/xdg/xdg-ubuntu-2d:/etc/xdg
XDG_DATA_DIRS=/usr/share/ubuntu-2d:/usr/share/gnome:/usr/local/share/:/usr/share/
TMUX_PANE=%32
2014年 11月 07日 星期五 09:13:21 PST
TMUX=/tmp/tmux-1000/default,2714,0
USER=yubo
LANGUAGE=en_US:
SSH_AGENT_PID=2142
SHLVL=2
HOME=/home/yubo
OLDPWD=/home/yubo
XDG_SESSION_COOKIE=ab66fb49775892c0a0392a9746212400-1412167888.357699-1429995240
DESKTOP_SESSION=ubuntu-2d
XDG_SEAT_PATH=/org/freedesktop/DisplayManager/Seat0
PS1=[${debian_chroot:+($debian_chroot)}\u@\h:\w]\[\e[1;36m\]$(parse_git_branch)\[\e[0m\]\$
DBUS_SESSION_BUS_ADDRESS=unix:abstract=/tmp/dbus-XLPfZGLkWW,guid=6c224a4f7ab7ebff31b5d6ef00000015
COLORTERM=gnome-terminal
GNOME_KEYRING_CONTROL=/tmp/keyring-5Se3E7
MANDATORY_PATH=/usr/share/gconf/ubuntu-2d.mandatory.path
LOGNAME=yubo
WINDOWID=25165829
_=./a
DEFAULTS_PATH=/usr/share/gconf/ubuntu-2d.default.path
TERM=xterm-color
GNOME_DESKTOP_SESSION_ID=this-is-deprecated
PATH=/home/yubo/bin:/root/BcmXiaoQiang/external_toolchain/arm-xiaomi-linux-uclibcgnueabi/bin:/home/yubo/bin:/usr/lib/lightdm/lightdm:/usr/local/sbin:/usr/local/bin:/usr/sbin:/usr/bin:/sbin:/bin:/usr/games:/home/yubo/bin:/usr/local/eclipse
SESSION_MANAGER=local/home:@/tmp/.ICE-unix/2078,unix/home:/tmp/.ICE-unix/2078
XDG_SESSION_PATH=/org/freedesktop/DisplayManager/Session0
DISPLAY=:0
LANG=zh_CN.UTF-8
XDG_CURRENT_DESKTOP=Unity
XAUTHORITY=/home/yubo/.Xauthority
SSH_AUTH_SOCK=/tmp/keyring-5Se3E7/ssh
SHELL=/bin/bash
GDMSESSION=ubuntu-2d
GPG_AGENT_INFO=/tmp/keyring-5Se3E7/gpg:0:1
PWD=/home/yubo/program/c/pthread
XDG_CONFIG_DIRS=/etc/xdg/xdg-ubuntu-2d:/etc/xdg
XDG_DATA_DIRS=/usr/share/ubuntu-2d:/usr/share/gnome:/usr/local/share/:/usr/share/
TMUX_PANE=%32
2014年 11月 07日 星期五 09:13:22 PST
TMUX=/tmp/tmux-1000/default,2714,0
USER=yubo
LANGUAGE=en_US:
SSH_AGENT_PID=2142
SHLVL=2
HOME=/home/yubo
OLDPWD=/home/yubo
XDG_SESSION_COOKIE=ab66fb49775892c0a0392a9746212400-1412167888.357699-1429995240
DESKTOP_SESSION=ubuntu-2d
XDG_SEAT_PATH=/org/freedesktop/DisplayManager/Seat0
PS1=[${debian_chroot:+($debian_chroot)}\u@\h:\w]\[\e[1;36m\]$(parse_git_branch)\[\e[0m\]\$
DBUS_SESSION_BUS_ADDRESS=unix:abstract=/tmp/dbus-XLPfZGLkWW,guid=6c224a4f7ab7ebff31b5d6ef00000015
COLORTERM=gnome-terminal
GNOME_KEYRING_CONTROL=/tmp/keyring-5Se3E7
MANDATORY_PATH=/usr/share/gconf/ubuntu-2d.mandatory.path
LOGNAME=yubo
WINDOWID=25165829
_=./a
DEFAULTS_PATH=/usr/share/gconf/ubuntu-2d.default.path
TERM=xterm-color
GNOME_DESKTOP_SESSION_ID=this-is-deprecated
PATH=/home/yubo/bin:/root/BcmXiaoQiang/external_toolchain/arm-xiaomi-linux-uclibcgnueabi/bin:/home/yubo/bin:/usr/lib/lightdm/lightdm:/usr/local/sbin:/usr/local/bin:/usr/sbin:/usr/bin:/sbin:/bin:/usr/games:/home/yubo/bin:/usr/local/eclipse
SESSION_MANAGER=local/home:@/tmp/.ICE-unix/2078,unix/home:/tmp/.ICE-unix/2078
XDG_SESSION_PATH=/org/freedesktop/DisplayManager/Session0
DISPLAY=:0
LANG=zh_CN.UTF-8
XDG_CURRENT_DESKTOP=Unity
XAUTHORITY=/home/yubo/.Xauthority
SSH_AUTH_SOCK=/tmp/keyring-5Se3E7/ssh
SHELL=/bin/bash
GDMSESSION=ubuntu-2d
GPG_AGENT_INFO=/tmp/keyring-5Se3E7/gpg:0:1
PWD=/home/yubo/program/c/pthread
XDG_CONFIG_DIRS=/etc/xdg/xdg-ubuntu-2d:/etc/xdg
XDG_DATA_DIRS=/usr/share/ubuntu-2d:/usr/share/gnome:/usr/local/share/:/usr/share/
TMUX_PANE=%32
2014年 11月 07日 星期五 09:13:23 PST
TMUX=/tmp/tmux-1000/default,2714,0
USER=yubo
LANGUAGE=en_US:
SSH_AGENT_PID=2142
SHLVL=2
HOME=/home/yubo
OLDPWD=/home/yubo
XDG_SESSION_COOKIE=ab66fb49775892c0a0392a9746212400-1412167888.357699-1429995240
DESKTOP_SESSION=ubuntu-2d
XDG_SEAT_PATH=/org/freedesktop/DisplayManager/Seat0
PS1=[${debian_chroot:+($debian_chroot)}\u@\h:\w]\[\e[1;36m\]$(parse_git_branch)\[\e[0m\]\$
DBUS_SESSION_BUS_ADDRESS=unix:abstract=/tmp/dbus-XLPfZGLkWW,guid=6c224a4f7ab7ebff31b5d6ef00000015
COLORTERM=gnome-terminal
GNOME_KEYRING_CONTROL=/tmp/keyring-5Se3E7
MANDATORY_PATH=/usr/share/gconf/ubuntu-2d.mandatory.path
LOGNAME=yubo
WINDOWID=25165829
_=./a
DEFAULTS_PATH=/usr/share/gconf/ubuntu-2d.default.path
TERM=xterm-color
GNOME_DESKTOP_SESSION_ID=this-is-deprecated
PATH=/home/yubo/bin:/root/BcmXiaoQiang/external_toolchain/arm-xiaomi-linux-uclibcgnueabi/bin:/home/yubo/bin:/usr/lib/lightdm/lightdm:/usr/local/sbin:/usr/local/bin:/usr/sbin:/usr/bin:/sbin:/bin:/usr/games:/home/yubo/bin:/usr/local/eclipse
SESSION_MANAGER=local/home:@/tmp/.ICE-unix/2078,unix/home:/tmp/.ICE-unix/2078
XDG_SESSION_PATH=/org/freedesktop/DisplayManager/Session0
DISPLAY=:0
LANG=zh_CN.UTF-8
XDG_CURRENT_DESKTOP=Unity
XAUTHORITY=/home/yubo/.Xauthority
SSH_AUTH_SOCK=/tmp/keyring-5Se3E7/ssh
SHELL=/bin/bash
GDMSESSION=ubuntu-2d
GPG_AGENT_INFO=/tmp/keyring-5Se3E7/gpg:0:1
PWD=/home/yubo/program/c/pthread
XDG_CONFIG_DIRS=/etc/xdg/xdg-ubuntu-2d:/etc/xdg
XDG_DATA_DIRS=/usr/share/ubuntu-2d:/usr/share/gnome:/usr/local/share/:/usr/share/
TMUX_PANE=%32
2014年 11月 07日 星期五 09:13:24 PST
TMUX=/tmp/tmux-1000/default,2714,0
USER=yubo
LANGUAGE=en_US:
SSH_AGENT_PID=2142
SHLVL=2
HOME=/home/yubo
OLDPWD=/home/yubo
XDG_SESSION_COOKIE=ab66fb49775892c0a0392a9746212400-1412167888.357699-1429995240
DESKTOP_SESSION=ubuntu-2d
XDG_SEAT_PATH=/org/freedesktop/DisplayManager/Seat0
PS1=[${debian_chroot:+($debian_chroot)}\u@\h:\w]\[\e[1;36m\]$(parse_git_branch)\[\e[0m\]\$
DBUS_SESSION_BUS_ADDRESS=unix:abstract=/tmp/dbus-XLPfZGLkWW,guid=6c224a4f7ab7ebff31b5d6ef00000015
COLORTERM=gnome-terminal
GNOME_KEYRING_CONTROL=/tmp/keyring-5Se3E7
MANDATORY_PATH=/usr/share/gconf/ubuntu-2d.mandatory.path
LOGNAME=yubo
WINDOWID=25165829
_=./a
DEFAULTS_PATH=/usr/share/gconf/ubuntu-2d.default.path
TERM=xterm-color
GNOME_DESKTOP_SESSION_ID=this-is-deprecated
PATH=/home/yubo/bin:/root/BcmXiaoQiang/external_toolchain/arm-xiaomi-linux-uclibcgnueabi/bin:/home/yubo/bin:/usr/lib/lightdm/lightdm:/usr/local/sbin:/usr/local/bin:/usr/sbin:/usr/bin:/sbin:/bin:/usr/games:/home/yubo/bin:/usr/local/eclipse
SESSION_MANAGER=local/home:@/tmp/.ICE-unix/2078,unix/home:/tmp/.ICE-unix/2078
XDG_SESSION_PATH=/org/freedesktop/DisplayManager/Session0
DISPLAY=:0
LANG=zh_CN.UTF-8
XDG_CURRENT_DESKTOP=Unity
XAUTHORITY=/home/yubo/.Xauthority
SSH_AUTH_SOCK=/tmp/keyring-5Se3E7/ssh
SHELL=/bin/bash
GDMSESSION=ubuntu-2d
GPG_AGENT_INFO=/tmp/keyring-5Se3E7/gpg:0:1
PWD=/home/yubo/program/c/pthread
XDG_CONFIG_DIRS=/etc/xdg/xdg-ubuntu-2d:/etc/xdg
XDG_DATA_DIRS=/usr/share/ubuntu-2d:/usr/share/gnome:/usr/local/share/:/usr/share/
TMUX_PANE=%32
2014年 11月 07日 星期五 09:13:25 PST
TMUX=/tmp/tmux-1000/default,2714,0
USER=yubo
LANGUAGE=en_US:
SSH_AGENT_PID=2142
SHLVL=2
HOME=/home/yubo
OLDPWD=/home/yubo
XDG_SESSION_COOKIE=ab66fb49775892c0a0392a9746212400-1412167888.357699-1429995240
DESKTOP_SESSION=ubuntu-2d
XDG_SEAT_PATH=/org/freedesktop/DisplayManager/Seat0
PS1=[${debian_chroot:+($debian_chroot)}\u@\h:\w]\[\e[1;36m\]$(parse_git_branch)\[\e[0m\]\$
DBUS_SESSION_BUS_ADDRESS=unix:abstract=/tmp/dbus-XLPfZGLkWW,guid=6c224a4f7ab7ebff31b5d6ef00000015
COLORTERM=gnome-terminal
GNOME_KEYRING_CONTROL=/tmp/keyring-5Se3E7
MANDATORY_PATH=/usr/share/gconf/ubuntu-2d.mandatory.path
LOGNAME=yubo
WINDOWID=25165829
_=./a
DEFAULTS_PATH=/usr/share/gconf/ubuntu-2d.default.path
TERM=xterm-color
GNOME_DESKTOP_SESSION_ID=this-is-deprecated
PATH=/home/yubo/bin:/root/BcmXiaoQiang/external_toolchain/arm-xiaomi-linux-uclibcgnueabi/bin:/home/yubo/bin:/usr/lib/lightdm/lightdm:/usr/local/sbin:/usr/local/bin:/usr/sbin:/usr/bin:/sbin:/bin:/usr/games:/home/yubo/bin:/usr/local/eclipse
SESSION_MANAGER=local/home:@/tmp/.ICE-unix/2078,unix/home:/tmp/.ICE-unix/2078
XDG_SESSION_PATH=/org/freedesktop/DisplayManager/Session0
DISPLAY=:0
LANG=zh_CN.UTF-8
XDG_CURRENT_DESKTOP=Unity
XAUTHORITY=/home/yubo/.Xauthority
SSH_AUTH_SOCK=/tmp/keyring-5Se3E7/ssh
SHELL=/bin/bash
GDMSESSION=ubuntu-2d
GPG_AGENT_INFO=/tmp/keyring-5Se3E7/gpg:0:1
PWD=/home/yubo/program/c/pthread
XDG_CONFIG_DIRS=/etc/xdg/xdg-ubuntu-2d:/etc/xdg
XDG_DATA_DIRS=/usr/share/ubuntu-2d:/usr/share/gnome:/usr/local/share/:/usr/share/
TMUX_PANE=%32
2014年 11月 07日 星期五 09:13:26 PST
TMUX=/tmp/tmux-1000/default,2714,0
USER=yubo
LANGUAGE=en_US:
SSH_AGENT_PID=2142
SHLVL=2
HOME=/home/yubo
OLDPWD=/home/yubo
XDG_SESSION_COOKIE=ab66fb49775892c0a0392a9746212400-1412167888.357699-1429995240
DESKTOP_SESSION=ubuntu-2d
XDG_SEAT_PATH=/org/freedesktop/DisplayManager/Seat0
PS1=[${debian_chroot:+($debian_chroot)}\u@\h:\w]\[\e[1;36m\]$(parse_git_branch)\[\e[0m\]\$
DBUS_SESSION_BUS_ADDRESS=unix:abstract=/tmp/dbus-XLPfZGLkWW,guid=6c224a4f7ab7ebff31b5d6ef00000015
COLORTERM=gnome-terminal
GNOME_KEYRING_CONTROL=/tmp/keyring-5Se3E7
MANDATORY_PATH=/usr/share/gconf/ubuntu-2d.mandatory.path
LOGNAME=yubo
WINDOWID=25165829
_=./a
DEFAULTS_PATH=/usr/share/gconf/ubuntu-2d.default.path
TERM=xterm-color
GNOME_DESKTOP_SESSION_ID=this-is-deprecated
PATH=/home/yubo/bin:/root/BcmXiaoQiang/external_toolchain/arm-xiaomi-linux-uclibcgnueabi/bin:/home/yubo/bin:/usr/lib/lightdm/lightdm:/usr/local/sbin:/usr/local/bin:/usr/sbin:/usr/bin:/sbin:/bin:/usr/games:/home/yubo/bin:/usr/local/eclipse
SESSION_MANAGER=local/home:@/tmp/.ICE-unix/2078,unix/home:/tmp/.ICE-unix/2078
XDG_SESSION_PATH=/org/freedesktop/DisplayManager/Session0
DISPLAY=:0
LANG=zh_CN.UTF-8
XDG_CURRENT_DESKTOP=Unity
XAUTHORITY=/home/yubo/.Xauthority
SSH_AUTH_SOCK=/tmp/keyring-5Se3E7/ssh
SHELL=/bin/bash
GDMSESSION=ubuntu-2d
GPG_AGENT_INFO=/tmp/keyring-5Se3E7/gpg:0:1
PWD=/home/yubo/program/c/pthread
XDG_CONFIG_DIRS=/etc/xdg/xdg-ubuntu-2d:/etc/xdg
XDG_DATA_DIRS=/usr/share/ubuntu-2d:/usr/share/gnome:/usr/local/share/:/usr/share/
TMUX_PANE=%32
2014年 11月 07日 星期五 09:13:27 PST
TMUX=/tmp/tmux-1000/default,2714,0
USER=yubo
LANGUAGE=en_US:
SSH_AGENT_PID=2142
SHLVL=2
HOME=/home/yubo
OLDPWD=/home/yubo
XDG_SESSION_COOKIE=ab66fb49775892c0a0392a9746212400-1412167888.357699-1429995240
DESKTOP_SESSION=ubuntu-2d
XDG_SEAT_PATH=/org/freedesktop/DisplayManager/Seat0
PS1=[${debian_chroot:+($debian_chroot)}\u@\h:\w]\[\e[1;36m\]$(parse_git_branch)\[\e[0m\]\$
DBUS_SESSION_BUS_ADDRESS=unix:abstract=/tmp/dbus-XLPfZGLkWW,guid=6c224a4f7ab7ebff31b5d6ef00000015
COLORTERM=gnome-terminal
GNOME_KEYRING_CONTROL=/tmp/keyring-5Se3E7
MANDATORY_PATH=/usr/share/gconf/ubuntu-2d.mandatory.path
LOGNAME=yubo
WINDOWID=25165829
_=./a
DEFAULTS_PATH=/usr/share/gconf/ubuntu-2d.default.path
TERM=xterm-color
GNOME_DESKTOP_SESSION_ID=this-is-deprecated
PATH=/home/yubo/bin:/root/BcmXiaoQiang/external_toolchain/arm-xiaomi-linux-uclibcgnueabi/bin:/home/yubo/bin:/usr/lib/lightdm/lightdm:/usr/local/sbin:/usr/local/bin:/usr/sbin:/usr/bin:/sbin:/bin:/usr/games:/home/yubo/bin:/usr/local/eclipse
SESSION_MANAGER=local/home:@/tmp/.ICE-unix/2078,unix/home:/tmp/.ICE-unix/2078
XDG_SESSION_PATH=/org/freedesktop/DisplayManager/Session0
DISPLAY=:0
LANG=zh_CN.UTF-8
XDG_CURRENT_DESKTOP=Unity
XAUTHORITY=/home/yubo/.Xauthority
SSH_AUTH_SOCK=/tmp/keyring-5Se3E7/ssh
SHELL=/bin/bash
GDMSESSION=ubuntu-2d
GPG_AGENT_INFO=/tmp/keyring-5Se3E7/gpg:0:1
PWD=/home/yubo/program/c/pthread
XDG_CONFIG_DIRS=/etc/xdg/xdg-ubuntu-2d:/etc/xdg
XDG_DATA_DIRS=/usr/share/ubuntu-2d:/usr/share/gnome:/usr/local/share/:/usr/share/
TMUX_PANE=%32
2014年 11月 07日 星期五 09:13:28 PST
TMUX=/tmp/tmux-1000/default,2714,0
USER=yubo
LANGUAGE=en_US:
SSH_AGENT_PID=2142
SHLVL=2
HOME=/home/yubo
OLDPWD=/home/yubo
XDG_SESSION_COOKIE=ab66fb49775892c0a0392a9746212400-1412167888.357699-1429995240
DESKTOP_SESSION=ubuntu-2d
XDG_SEAT_PATH=/org/freedesktop/DisplayManager/Seat0
PS1=[${debian_chroot:+($debian_chroot)}\u@\h:\w]\[\e[1;36m\]$(parse_git_branch)\[\e[0m\]\$
DBUS_SESSION_BUS_ADDRESS=unix:abstract=/tmp/dbus-XLPfZGLkWW,guid=6c224a4f7ab7ebff31b5d6ef00000015
COLORTERM=gnome-terminal
GNOME_KEYRING_CONTROL=/tmp/keyring-5Se3E7
MANDATORY_PATH=/usr/share/gconf/ubuntu-2d.mandatory.path
LOGNAME=yubo
WINDOWID=25165829
_=./a
DEFAULTS_PATH=/usr/share/gconf/ubuntu-2d.default.path
TERM=xterm-color
GNOME_DESKTOP_SESSION_ID=this-is-deprecated
PATH=/home/yubo/bin:/root/BcmXiaoQiang/external_toolchain/arm-xiaomi-linux-uclibcgnueabi/bin:/home/yubo/bin:/usr/lib/lightdm/lightdm:/usr/local/sbin:/usr/local/bin:/usr/sbin:/usr/bin:/sbin:/bin:/usr/games:/home/yubo/bin:/usr/local/eclipse
SESSION_MANAGER=local/home:@/tmp/.ICE-unix/2078,unix/home:/tmp/.ICE-unix/2078
XDG_SESSION_PATH=/org/freedesktop/DisplayManager/Session0
DISPLAY=:0
LANG=zh_CN.UTF-8
XDG_CURRENT_DESKTOP=Unity
XAUTHORITY=/home/yubo/.Xauthority
SSH_AUTH_SOCK=/tmp/keyring-5Se3E7/ssh
SHELL=/bin/bash
GDMSESSION=ubuntu-2d
GPG_AGENT_INFO=/tmp/keyring-5Se3E7/gpg:0:1
PWD=/home/yubo/program/c/pthread
XDG_CONFIG_DIRS=/etc/xdg/xdg-ubuntu-2d:/etc/xdg
XDG_DATA_DIRS=/usr/share/ubuntu-2d:/usr/share/gnome:/usr/local/share/:/usr/share/
TMUX_PANE=%32
2014年 11月 07日 星期五 09:13:29 PST
TMUX=/tmp/tmux-1000/default,2714,0
USER=yubo
LANGUAGE=en_US:
SSH_AGENT_PID=2142
SHLVL=2
HOME=/home/yubo
OLDPWD=/home/yubo
XDG_SESSION_COOKIE=ab66fb49775892c0a0392a9746212400-1412167888.357699-1429995240
DESKTOP_SESSION=ubuntu-2d
XDG_SEAT_PATH=/org/freedesktop/DisplayManager/Seat0
PS1=[${debian_chroot:+($debian_chroot)}\u@\h:\w]\[\e[1;36m\]$(parse_git_branch)\[\e[0m\]\$
DBUS_SESSION_BUS_ADDRESS=unix:abstract=/tmp/dbus-XLPfZGLkWW,guid=6c224a4f7ab7ebff31b5d6ef00000015
COLORTERM=gnome-terminal
GNOME_KEYRING_CONTROL=/tmp/keyring-5Se3E7
MANDATORY_PATH=/usr/share/gconf/ubuntu-2d.mandatory.path
LOGNAME=yubo
WINDOWID=25165829
_=./a
DEFAULTS_PATH=/usr/share/gconf/ubuntu-2d.default.path
TERM=xterm-color
GNOME_DESKTOP_SESSION_ID=this-is-deprecated
PATH=/home/yubo/bin:/root/BcmXiaoQiang/external_toolchain/arm-xiaomi-linux-uclibcgnueabi/bin:/home/yubo/bin:/usr/lib/lightdm/lightdm:/usr/local/sbin:/usr/local/bin:/usr/sbin:/usr/bin:/sbin:/bin:/usr/games:/home/yubo/bin:/usr/local/eclipse
SESSION_MANAGER=local/home:@/tmp/.ICE-unix/2078,unix/home:/tmp/.ICE-unix/2078
XDG_SESSION_PATH=/org/freedesktop/DisplayManager/Session0
DISPLAY=:0
LANG=zh_CN.UTF-8
XDG_CURRENT_DESKTOP=Unity
XAUTHORITY=/home/yubo/.Xauthority
SSH_AUTH_SOCK=/tmp/keyring-5Se3E7/ssh
SHELL=/bin/bash
GDMSESSION=ubuntu-2d
GPG_AGENT_INFO=/tmp/keyring-5Se3E7/gpg:0:1
PWD=/home/yubo/program/c/pthread
XDG_CONFIG_DIRS=/etc/xdg/xdg-ubuntu-2d:/etc/xdg
XDG_DATA_DIRS=/usr/share/ubuntu-2d:/usr/share/gnome:/usr/local/share/:/usr/share/
TMUX_PANE=%32
2014年 11月 07日 星期五 09:13:30 PST
TMUX=/tmp/tmux-1000/default,2714,0
USER=yubo
LANGUAGE=en_US:
SSH_AGENT_PID=2142
SHLVL=2
HOME=/home/yubo
OLDPWD=/home/yubo
XDG_SESSION_COOKIE=ab66fb49775892c0a0392a9746212400-1412167888.357699-1429995240
DESKTOP_SESSION=ubuntu-2d
XDG_SEAT_PATH=/org/freedesktop/DisplayManager/Seat0
PS1=[${debian_chroot:+($debian_chroot)}\u@\h:\w]\[\e[1;36m\]$(parse_git_branch)\[\e[0m\]\$
DBUS_SESSION_BUS_ADDRESS=unix:abstract=/tmp/dbus-XLPfZGLkWW,guid=6c224a4f7ab7ebff31b5d6ef00000015
COLORTERM=gnome-terminal
GNOME_KEYRING_CONTROL=/tmp/keyring-5Se3E7
MANDATORY_PATH=/usr/share/gconf/ubuntu-2d.mandatory.path
LOGNAME=yubo
WINDOWID=25165829
_=./a
DEFAULTS_PATH=/usr/share/gconf/ubuntu-2d.default.path
TERM=xterm-color
GNOME_DESKTOP_SESSION_ID=this-is-deprecated
PATH=/home/yubo/bin:/root/BcmXiaoQiang/external_toolchain/arm-xiaomi-linux-uclibcgnueabi/bin:/home/yubo/bin:/usr/lib/lightdm/lightdm:/usr/local/sbin:/usr/local/bin:/usr/sbin:/usr/bin:/sbin:/bin:/usr/games:/home/yubo/bin:/usr/local/eclipse
SESSION_MANAGER=local/home:@/tmp/.ICE-unix/2078,unix/home:/tmp/.ICE-unix/2078
XDG_SESSION_PATH=/org/freedesktop/DisplayManager/Session0
DISPLAY=:0
LANG=zh_CN.UTF-8
XDG_CURRENT_DESKTOP=Unity
XAUTHORITY=/home/yubo/.Xauthority
SSH_AUTH_SOCK=/tmp/keyring-5Se3E7/ssh
SHELL=/bin/bash
GDMSESSION=ubuntu-2d
GPG_AGENT_INFO=/tmp/keyring-5Se3E7/gpg:0:1
PWD=/home/yubo/program/c/pthread
XDG_CONFIG_DIRS=/etc/xdg/xdg-ubuntu-2d:/etc/xdg
XDG_DATA_DIRS=/usr/share/ubuntu-2d:/usr/share/gnome:/usr/local/share/:/usr/share/
TMUX_PANE=%32
2014年 11月 07日 星期五 09:13:31 PST
TMUX=/tmp/tmux-1000/default,2714,0
USER=yubo
LANGUAGE=en_US:
SSH_AGENT_PID=2142
SHLVL=2
HOME=/home/yubo
OLDPWD=/home/yubo
XDG_SESSION_COOKIE=ab66fb49775892c0a0392a9746212400-1412167888.357699-1429995240
DESKTOP_SESSION=ubuntu-2d
XDG_SEAT_PATH=/org/freedesktop/DisplayManager/Seat0
PS1=[${debian_chroot:+($debian_chroot)}\u@\h:\w]\[\e[1;36m\]$(parse_git_branch)\[\e[0m\]\$
DBUS_SESSION_BUS_ADDRESS=unix:abstract=/tmp/dbus-XLPfZGLkWW,guid=6c224a4f7ab7ebff31b5d6ef00000015
COLORTERM=gnome-terminal
GNOME_KEYRING_CONTROL=/tmp/keyring-5Se3E7
MANDATORY_PATH=/usr/share/gconf/ubuntu-2d.mandatory.path
LOGNAME=yubo
WINDOWID=25165829
_=./a
DEFAULTS_PATH=/usr/share/gconf/ubuntu-2d.default.path
TERM=xterm-color
GNOME_DESKTOP_SESSION_ID=this-is-deprecated
PATH=/home/yubo/bin:/root/BcmXiaoQiang/external_toolchain/arm-xiaomi-linux-uclibcgnueabi/bin:/home/yubo/bin:/usr/lib/lightdm/lightdm:/usr/local/sbin:/usr/local/bin:/usr/sbin:/usr/bin:/sbin:/bin:/usr/games:/home/yubo/bin:/usr/local/eclipse
SESSION_MANAGER=local/home:@/tmp/.ICE-unix/2078,unix/home:/tmp/.ICE-unix/2078
XDG_SESSION_PATH=/org/freedesktop/DisplayManager/Session0
DISPLAY=:0
LANG=zh_CN.UTF-8
XDG_CURRENT_DESKTOP=Unity
XAUTHORITY=/home/yubo/.Xauthority
SSH_AUTH_SOCK=/tmp/keyring-5Se3E7/ssh
SHELL=/bin/bash
GDMSESSION=ubuntu-2d
GPG_AGENT_INFO=/tmp/keyring-5Se3E7/gpg:0:1
PWD=/home/yubo/program/c/pthread
XDG_CONFIG_DIRS=/etc/xdg/xdg-ubuntu-2d:/etc/xdg
XDG_DATA_DIRS=/usr/share/ubuntu-2d:/usr/share/gnome:/usr/local/share/:/usr/share/
TMUX_PANE=%32
2014年 11月 07日 星期五 09:13:32 PST
TMUX=/tmp/tmux-1000/default,2714,0
USER=yubo
LANGUAGE=en_US:
SSH_AGENT_PID=2142
SHLVL=2
HOME=/home/yubo
OLDPWD=/home/yubo
XDG_SESSION_COOKIE=ab66fb49775892c0a0392a9746212400-1412167888.357699-1429995240
DESKTOP_SESSION=ubuntu-2d
XDG_SEAT_PATH=/org/freedesktop/DisplayManager/Seat0
PS1=[${debian_chroot:+($debian_chroot)}\u@\h:\w]\[\e[1;36m\]$(parse_git_branch)\[\e[0m\]\$
DBUS_SESSION_BUS_ADDRESS=unix:abstract=/tmp/dbus-XLPfZGLkWW,guid=6c224a4f7ab7ebff31b5d6ef00000015
COLORTERM=gnome-terminal
GNOME_KEYRING_CONTROL=/tmp/keyring-5Se3E7
MANDATORY_PATH=/usr/share/gconf/ubuntu-2d.mandatory.path
LOGNAME=yubo
WINDOWID=25165829
_=./a
DEFAULTS_PATH=/usr/share/gconf/ubuntu-2d.default.path
TERM=xterm-color
GNOME_DESKTOP_SESSION_ID=this-is-deprecated
PATH=/home/yubo/bin:/root/BcmXiaoQiang/external_toolchain/arm-xiaomi-linux-uclibcgnueabi/bin:/home/yubo/bin:/usr/lib/lightdm/lightdm:/usr/local/sbin:/usr/local/bin:/usr/sbin:/usr/bin:/sbin:/bin:/usr/games:/home/yubo/bin:/usr/local/eclipse
SESSION_MANAGER=local/home:@/tmp/.ICE-unix/2078,unix/home:/tmp/.ICE-unix/2078
XDG_SESSION_PATH=/org/freedesktop/DisplayManager/Session0
DISPLAY=:0
LANG=zh_CN.UTF-8
XDG_CURRENT_DESKTOP=Unity
XAUTHORITY=/home/yubo/.Xauthority
SSH_AUTH_SOCK=/tmp/keyring-5Se3E7/ssh
SHELL=/bin/bash
GDMSESSION=ubuntu-2d
GPG_AGENT_INFO=/tmp/keyring-5Se3E7/gpg:0:1
PWD=/home/yubo/program/c/pthread
XDG_CONFIG_DIRS=/etc/xdg/xdg-ubuntu-2d:/etc/xdg
XDG_DATA_DIRS=/usr/share/ubuntu-2d:/usr/share/gnome:/usr/local/share/:/usr/share/
TMUX_PANE=%32
2014年 11月 07日 星期五 09:13:33 PST
TMUX=/tmp/tmux-1000/default,2714,0
USER=yubo
LANGUAGE=en_US:
SSH_AGENT_PID=2142
SHLVL=2
HOME=/home/yubo
OLDPWD=/home/yubo
XDG_SESSION_COOKIE=ab66fb49775892c0a0392a9746212400-1412167888.357699-1429995240
DESKTOP_SESSION=ubuntu-2d
XDG_SEAT_PATH=/org/freedesktop/DisplayManager/Seat0
PS1=[${debian_chroot:+($debian_chroot)}\u@\h:\w]\[\e[1;36m\]$(parse_git_branch)\[\e[0m\]\$
DBUS_SESSION_BUS_ADDRESS=unix:abstract=/tmp/dbus-XLPfZGLkWW,guid=6c224a4f7ab7ebff31b5d6ef00000015
COLORTERM=gnome-terminal
GNOME_KEYRING_CONTROL=/tmp/keyring-5Se3E7
MANDATORY_PATH=/usr/share/gconf/ubuntu-2d.mandatory.path
LOGNAME=yubo
WINDOWID=25165829
_=./a
DEFAULTS_PATH=/usr/share/gconf/ubuntu-2d.default.path
TERM=xterm-color
GNOME_DESKTOP_SESSION_ID=this-is-deprecated
PATH=/home/yubo/bin:/root/BcmXiaoQiang/external_toolchain/arm-xiaomi-linux-uclibcgnueabi/bin:/home/yubo/bin:/usr/lib/lightdm/lightdm:/usr/local/sbin:/usr/local/bin:/usr/sbin:/usr/bin:/sbin:/bin:/usr/games:/home/yubo/bin:/usr/local/eclipse
SESSION_MANAGER=local/home:@/tmp/.ICE-unix/2078,unix/home:/tmp/.ICE-unix/2078
XDG_SESSION_PATH=/org/freedesktop/DisplayManager/Session0
DISPLAY=:0
LANG=zh_CN.UTF-8
XDG_CURRENT_DESKTOP=Unity
XAUTHORITY=/home/yubo/.Xauthority
SSH_AUTH_SOCK=/tmp/keyring-5Se3E7/ssh
SHELL=/bin/bash
GDMSESSION=ubuntu-2d
GPG_AGENT_INFO=/tmp/keyring-5Se3E7/gpg:0:1
PWD=/home/yubo/program/c/pthread
XDG_CONFIG_DIRS=/etc/xdg/xdg-ubuntu-2d:/etc/xdg
XDG_DATA_DIRS=/usr/share/ubuntu-2d:/usr/share/gnome:/usr/local/share/:/usr/share/
TMUX_PANE=%32
2014年 11月 07日 星期五 09:13:34 PST
TMUX=/tmp/tmux-1000/default,2714,0
USER=yubo
LANGUAGE=en_US:
SSH_AGENT_PID=2142
SHLVL=2
HOME=/home/yubo
OLDPWD=/home/yubo
XDG_SESSION_COOKIE=ab66fb49775892c0a0392a9746212400-1412167888.357699-1429995240
DESKTOP_SESSION=ubuntu-2d
XDG_SEAT_PATH=/org/freedesktop/DisplayManager/Seat0
PS1=[${debian_chroot:+($debian_chroot)}\u@\h:\w]\[\e[1;36m\]$(parse_git_branch)\[\e[0m\]\$
DBUS_SESSION_BUS_ADDRESS=unix:abstract=/tmp/dbus-XLPfZGLkWW,guid=6c224a4f7ab7ebff31b5d6ef00000015
COLORTERM=gnome-terminal
GNOME_KEYRING_CONTROL=/tmp/keyring-5Se3E7
MANDATORY_PATH=/usr/share/gconf/ubuntu-2d.mandatory.path
LOGNAME=yubo
WINDOWID=25165829
_=./a
DEFAULTS_PATH=/usr/share/gconf/ubuntu-2d.default.path
TERM=xterm-color
GNOME_DESKTOP_SESSION_ID=this-is-deprecated
PATH=/home/yubo/bin:/root/BcmXiaoQiang/external_toolchain/arm-xiaomi-linux-uclibcgnueabi/bin:/home/yubo/bin:/usr/lib/lightdm/lightdm:/usr/local/sbin:/usr/local/bin:/usr/sbin:/usr/bin:/sbin:/bin:/usr/games:/home/yubo/bin:/usr/local/eclipse
SESSION_MANAGER=local/home:@/tmp/.ICE-unix/2078,unix/home:/tmp/.ICE-unix/2078
XDG_SESSION_PATH=/org/freedesktop/DisplayManager/Session0
DISPLAY=:0
LANG=zh_CN.UTF-8
XDG_CURRENT_DESKTOP=Unity
XAUTHORITY=/home/yubo/.Xauthority
SSH_AUTH_SOCK=/tmp/keyring-5Se3E7/ssh
SHELL=/bin/bash
GDMSESSION=ubuntu-2d
GPG_AGENT_INFO=/tmp/keyring-5Se3E7/gpg:0:1
PWD=/home/yubo/program/c/pthread
XDG_CONFIG_DIRS=/etc/xdg/xdg-ubuntu-2d:/etc/xdg
XDG_DATA_DIRS=/usr/share/ubuntu-2d:/usr/share/gnome:/usr/local/share/:/usr/share/
TMUX_PANE=%32
2014年 11月 07日 星期五 09:13:35 PST
TMUX=/tmp/tmux-1000/default,2714,0
USER=yubo
LANGUAGE=en_US:
SSH_AGENT_PID=2142
SHLVL=2
HOME=/home/yubo
OLDPWD=/home/yubo
XDG_SESSION_COOKIE=ab66fb49775892c0a0392a9746212400-1412167888.357699-1429995240
DESKTOP_SESSION=ubuntu-2d
XDG_SEAT_PATH=/org/freedesktop/DisplayManager/Seat0
PS1=[${debian_chroot:+($debian_chroot)}\u@\h:\w]\[\e[1;36m\]$(parse_git_branch)\[\e[0m\]\$
DBUS_SESSION_BUS_ADDRESS=unix:abstract=/tmp/dbus-XLPfZGLkWW,guid=6c224a4f7ab7ebff31b5d6ef00000015
COLORTERM=gnome-terminal
GNOME_KEYRING_CONTROL=/tmp/keyring-5Se3E7
MANDATORY_PATH=/usr/share/gconf/ubuntu-2d.mandatory.path
LOGNAME=yubo
WINDOWID=25165829
_=./a
DEFAULTS_PATH=/usr/share/gconf/ubuntu-2d.default.path
TERM=xterm-color
GNOME_DESKTOP_SESSION_ID=this-is-deprecated
PATH=/home/yubo/bin:/root/BcmXiaoQiang/external_toolchain/arm-xiaomi-linux-uclibcgnueabi/bin:/home/yubo/bin:/usr/lib/lightdm/lightdm:/usr/local/sbin:/usr/local/bin:/usr/sbin:/usr/bin:/sbin:/bin:/usr/games:/home/yubo/bin:/usr/local/eclipse
SESSION_MANAGER=local/home:@/tmp/.ICE-unix/2078,unix/home:/tmp/.ICE-unix/2078
XDG_SESSION_PATH=/org/freedesktop/DisplayManager/Session0
DISPLAY=:0
LANG=zh_CN.UTF-8
XDG_CURRENT_DESKTOP=Unity
XAUTHORITY=/home/yubo/.Xauthority
SSH_AUTH_SOCK=/tmp/keyring-5Se3E7/ssh
SHELL=/bin/bash
GDMSESSION=ubuntu-2d
GPG_AGENT_INFO=/tmp/keyring-5Se3E7/gpg:0:1
PWD=/home/yubo/program/c/pthread
XDG_CONFIG_DIRS=/etc/xdg/xdg-ubuntu-2d:/etc/xdg
XDG_DATA_DIRS=/usr/share/ubuntu-2d:/usr/share/gnome:/usr/local/share/:/usr/share/
TMUX_PANE=%32
2014年 11月 07日 星期五 09:13:36 PST
