This file contains any messages produced by compilers while
running configure, to aid debugging if configure makes a mistake.

It was created by cortex configure 0.1, which was
generated by GNU Autoconf 2.69.  Invocation command line was

  $ ./configure 

## --------- ##
## Platform. ##
## --------- ##

hostname = yubo990
uname -m = x86_64
uname -r = 3.13.11.6-yubo
uname -s = Linux
uname -v = #1 SMP Fri Sep 19 14:55:55 CST 2014

/usr/bin/uname -p = unknown
/bin/uname -X     = unknown

/bin/arch              = unknown
/usr/bin/arch -k       = unknown
/usr/convex/getsysinfo = unknown
/usr/bin/hostinfo      = unknown
/bin/machine           = unknown
/usr/bin/oslevel       = unknown
/bin/universe          = unknown

PATH: /home/yubo/xq/bin/brcm4709/sdk_package/toolchain/bin
PATH: /home/yubo/.rbenv/shims
PATH: /home/yubo/.rbenv/bin
PATH: /home/yubo/bin
PATH: /root/BcmXiaoQiang/external_toolchain/arm-xiaomi-linux-uclibcgnueabi/bin
PATH: /home/yubo/xq/bin/brcm4709/sdk_package/toolchain/bin
PATH: /home/yubo/.rbenv/shims
PATH: /home/yubo/.rbenv/bin
PATH: /home/yubo/bin
PATH: /usr/local/sbin
PATH: /usr/local/bin
PATH: /usr/sbin
PATH: /usr/bin
PATH: /sbin
PATH: /bin
PATH: /usr/games
PATH: /usr/local/games
PATH: /home/yubo/go/bin
PATH: /home/yubo/bin
PATH: /usr/local/eclipse
PATH: /home/yubo/go/bin


## ----------- ##
## Core tests. ##
## ----------- ##

configure:2059: checking for gcc
configure:2075: found /usr/bin/gcc
configure:2086: result: gcc
configure:2315: checking for C compiler version
configure:2324: gcc --version >&5
gcc (Ubuntu 4.8.2-19ubuntu1) 4.8.2
Copyright (C) 2013 Free Software Foundation, Inc.
This is free software; see the source for copying conditions.  There is NO
warranty; not even for MERCHANTABILITY or FITNESS FOR A PARTICULAR PURPOSE.

configure:2335: $? = 0
configure:2324: gcc -v >&5
Using built-in specs.
COLLECT_GCC=gcc
COLLECT_LTO_WRAPPER=/usr/lib/gcc/x86_64-linux-gnu/4.8/lto-wrapper
Target: x86_64-linux-gnu
Configured with: ../src/configure -v --with-pkgversion='Ubuntu 4.8.2-19ubuntu1' --with-bugurl=file:///usr/share/doc/gcc-4.8/README.Bugs --enable-languages=c,c++,java,go,d,fortran,objc,obj-c++ --prefix=/usr --program-suffix=-4.8 --enable-shared --enable-linker-build-id --libexecdir=/usr/lib --without-included-gettext --enable-threads=posix --with-gxx-include-dir=/usr/include/c++/4.8 --libdir=/usr/lib --enable-nls --with-sysroot=/ --enable-clocale=gnu --enable-libstdcxx-debug --enable-libstdcxx-time=yes --enable-gnu-unique-object --disable-libmudflap --enable-plugin --with-system-zlib --disable-browser-plugin --enable-java-awt=gtk --enable-gtk-cairo --with-java-home=/usr/lib/jvm/java-1.5.0-gcj-4.8-amd64/jre --enable-java-home --with-jvm-root-dir=/usr/lib/jvm/java-1.5.0-gcj-4.8-amd64 --with-jvm-jar-dir=/usr/lib/jvm-exports/java-1.5.0-gcj-4.8-amd64 --with-arch-directory=amd64 --with-ecj-jar=/usr/share/java/eclipse-ecj.jar --enable-objc-gc --enable-multiarch --disable-werror --with-arch-32=i686 --with-abi=m64 --with-multilib-list=m32,m64,mx32 --with-tune=generic --enable-checking=release --build=x86_64-linux-gnu --host=x86_64-linux-gnu --target=x86_64-linux-gnu
Thread model: posix
gcc version 4.8.2 (Ubuntu 4.8.2-19ubuntu1) 
configure:2335: $? = 0
configure:2324: gcc -V >&5
gcc: error: unrecognized command line option '-V'
gcc: fatal error: no input files
compilation terminated.
configure:2335: $? = 4
configure:2324: gcc -qversion >&5
gcc: error: unrecognized command line option '-qversion'
gcc: fatal error: no input files
compilation terminated.
configure:2335: $? = 4
configure:2355: checking whether the C compiler works
configure:2377: gcc    conftest.c  >&5
configure:2381: $? = 0
configure:2429: result: yes
configure:2432: checking for C compiler default output file name
configure:2434: result: a.out
configure:2440: checking for suffix of executables
configure:2447: gcc -o conftest    conftest.c  >&5
configure:2451: $? = 0
configure:2473: result: 
configure:2495: checking whether we are cross compiling
configure:2503: gcc -o conftest    conftest.c  >&5
configure:2507: $? = 0
configure:2514: ./conftest
configure:2518: $? = 0
configure:2533: result: no
configure:2538: checking for suffix of object files
configure:2560: gcc -c   conftest.c >&5
configure:2564: $? = 0
configure:2585: result: o
configure:2589: checking whether we are using the GNU C compiler
configure:2608: gcc -c   conftest.c >&5
configure:2608: $? = 0
configure:2617: result: yes
configure:2626: checking whether gcc accepts -g
configure:2646: gcc -c -g  conftest.c >&5
configure:2646: $? = 0
configure:2687: result: yes
configure:2704: checking for gcc option to accept ISO C89
configure:2767: gcc  -c -g -O2  conftest.c >&5
configure:2767: $? = 0
configure:2780: result: none needed
configure:2843: checking for mkdir
configure:2859: found /bin/mkdir
configure:2870: result: mkdir
configure:2935: checking for install
configure:2951: found /usr/bin/install
configure:2962: result: install
configure:2992: checking how to run the C preprocessor
configure:3023: gcc -E  conftest.c
configure:3023: $? = 0
configure:3037: gcc -E  conftest.c
conftest.c:9:28: fatal error: ac_nonexistent.h: No such file or directory
 #include <ac_nonexistent.h>
                            ^
compilation terminated.
configure:3037: $? = 1
configure: failed program was:
| /* confdefs.h */
| #define PACKAGE_NAME "cortex"
| #define PACKAGE_TARNAME "cortex"
| #define PACKAGE_VERSION "0.1"
| #define PACKAGE_STRING "cortex 0.1"
| #define PACKAGE_BUGREPORT "tristan.lelong@blunderer.org"
| #define PACKAGE_URL ""
| /* end confdefs.h.  */
| #include <ac_nonexistent.h>
configure:3062: result: gcc -E
configure:3082: gcc -E  conftest.c
configure:3082: $? = 0
configure:3096: gcc -E  conftest.c
conftest.c:9:28: fatal error: ac_nonexistent.h: No such file or directory
 #include <ac_nonexistent.h>
                            ^
compilation terminated.
configure:3096: $? = 1
configure: failed program was:
| /* confdefs.h */
| #define PACKAGE_NAME "cortex"
| #define PACKAGE_TARNAME "cortex"
| #define PACKAGE_VERSION "0.1"
| #define PACKAGE_STRING "cortex 0.1"
| #define PACKAGE_BUGREPORT "tristan.lelong@blunderer.org"
| #define PACKAGE_URL ""
| /* end confdefs.h.  */
| #include <ac_nonexistent.h>
configure:3125: checking for grep that handles long lines and -e
configure:3183: result: /bin/grep
configure:3188: checking for egrep
configure:3250: result: /bin/grep -E
configure:3255: checking for ANSI C header files
configure:3275: gcc -c -g -O2  conftest.c >&5
configure:3275: $? = 0
configure:3348: gcc -o conftest -g -O2   conftest.c  >&5
configure:3348: $? = 0
configure:3348: ./conftest
configure:3348: $? = 0
configure:3359: result: yes
configure:3372: checking for sys/types.h
configure:3372: gcc -c -g -O2  conftest.c >&5
configure:3372: $? = 0
configure:3372: result: yes
configure:3372: checking for sys/stat.h
configure:3372: gcc -c -g -O2  conftest.c >&5
configure:3372: $? = 0
configure:3372: result: yes
configure:3372: checking for stdlib.h
configure:3372: gcc -c -g -O2  conftest.c >&5
configure:3372: $? = 0
configure:3372: result: yes
configure:3372: checking for string.h
configure:3372: gcc -c -g -O2  conftest.c >&5
configure:3372: $? = 0
configure:3372: result: yes
configure:3372: checking for memory.h
configure:3372: gcc -c -g -O2  conftest.c >&5
configure:3372: $? = 0
configure:3372: result: yes
configure:3372: checking for strings.h
configure:3372: gcc -c -g -O2  conftest.c >&5
configure:3372: $? = 0
configure:3372: result: yes
configure:3372: checking for inttypes.h
configure:3372: gcc -c -g -O2  conftest.c >&5
configure:3372: $? = 0
configure:3372: result: yes
configure:3372: checking for stdint.h
configure:3372: gcc -c -g -O2  conftest.c >&5
configure:3372: $? = 0
configure:3372: result: yes
configure:3372: checking for unistd.h
configure:3372: gcc -c -g -O2  conftest.c >&5
configure:3372: $? = 0
configure:3372: result: yes
configure:3387: checking fcntl.h usability
configure:3387: gcc -c -g -O2  conftest.c >&5
configure:3387: $? = 0
configure:3387: result: yes
configure:3387: checking fcntl.h presence
configure:3387: gcc -E  conftest.c
configure:3387: $? = 0
configure:3387: result: yes
configure:3387: checking for fcntl.h
configure:3387: result: yes
configure:3387: checking for stdlib.h
configure:3387: result: yes
configure:3387: checking for string.h
configure:3387: result: yes
configure:3387: checking for unistd.h
configure:3387: result: yes
configure:3387: checking sys/procfs.h usability
configure:3387: gcc -c -g -O2  conftest.c >&5
configure:3387: $? = 0
configure:3387: result: yes
configure:3387: checking sys/procfs.h presence
configure:3387: gcc -E  conftest.c
configure:3387: $? = 0
configure:3387: result: yes
configure:3387: checking for sys/procfs.h
configure:3387: result: yes
configure:3387: checking asm/ptrace.h usability
configure:3387: gcc -c -g -O2  conftest.c >&5
configure:3387: $? = 0
configure:3387: result: yes
configure:3387: checking asm/ptrace.h presence
configure:3387: gcc -E  conftest.c
configure:3387: $? = 0
configure:3387: result: yes
configure:3387: checking for asm/ptrace.h
configure:3387: result: yes
configure:3387: checking for sys/stat.h
configure:3387: result: yes
configure:3401: checking elf.h usability
configure:3401: gcc -c -g -O2  conftest.c >&5
configure:3401: $? = 0
configure:3401: result: yes
configure:3401: checking elf.h presence
configure:3401: gcc -E  conftest.c
configure:3401: $? = 0
configure:3401: result: yes
configure:3401: checking for elf.h
configure:3401: result: yes
configure:3415: checking dis-asm.h usability
configure:3415: gcc -c -g -O2  conftest.c >&5
configure:3415: $? = 0
configure:3415: result: yes
configure:3415: checking dis-asm.h presence
configure:3415: gcc -E  conftest.c
configure:3415: $? = 0
configure:3415: result: yes
configure:3415: checking for dis-asm.h
configure:3415: result: yes
configure:3467: checking build system type
configure:3481: result: x86_64-unknown-linux-gnu
configure:3501: checking host system type
configure:3514: result: x86_64-unknown-linux-gnu
configure:3535: checking target system type
configure:3548: result: x86_64-unknown-linux-gnu
configure:3736: creating ./config.status

## ---------------------- ##
## Running config.status. ##
## ---------------------- ##

This file was extended by cortex config.status 0.1, which was
generated by GNU Autoconf 2.69.  Invocation command line was

  CONFIG_FILES    = 
  CONFIG_HEADERS  = 
  CONFIG_LINKS    = 
  CONFIG_COMMANDS = 
  $ ./config.status 

on yubo990

config.status:825: creating Makefile
config.status:825: creating src/config.h
config.status:995: src/config.h is unchanged

## ---------------- ##
## Cache variables. ##
## ---------------- ##

ac_cv_build=x86_64-unknown-linux-gnu
ac_cv_c_compiler_gnu=yes
ac_cv_env_BFD_ARCH_set=
ac_cv_env_BFD_ARCH_value=
ac_cv_env_BFD_MACH_set=
ac_cv_env_BFD_MACH_value=
ac_cv_env_CC_set=
ac_cv_env_CC_value=
ac_cv_env_CFLAGS_ARCH_set=
ac_cv_env_CFLAGS_ARCH_value=
ac_cv_env_CFLAGS_set=
ac_cv_env_CFLAGS_value=
ac_cv_env_CPPFLAGS_set=
ac_cv_env_CPPFLAGS_value=
ac_cv_env_CPP_set=
ac_cv_env_CPP_value=
ac_cv_env_LDFLAGS_set=
ac_cv_env_LDFLAGS_value=
ac_cv_env_LIBS_set=
ac_cv_env_LIBS_value=
ac_cv_env_build_alias_set=
ac_cv_env_build_alias_value=
ac_cv_env_host_alias_set=
ac_cv_env_host_alias_value=
ac_cv_env_target_alias_set=
ac_cv_env_target_alias_value=
ac_cv_header_asm_ptrace_h=yes
ac_cv_header_dis_asm_h=yes
ac_cv_header_elf_h=yes
ac_cv_header_fcntl_h=yes
ac_cv_header_inttypes_h=yes
ac_cv_header_memory_h=yes
ac_cv_header_stdc=yes
ac_cv_header_stdint_h=yes
ac_cv_header_stdlib_h=yes
ac_cv_header_string_h=yes
ac_cv_header_strings_h=yes
ac_cv_header_sys_procfs_h=yes
ac_cv_header_sys_stat_h=yes
ac_cv_header_sys_types_h=yes
ac_cv_header_unistd_h=yes
ac_cv_host=x86_64-unknown-linux-gnu
ac_cv_objext=o
ac_cv_path_EGREP='/bin/grep -E'
ac_cv_path_GREP=/bin/grep
ac_cv_prog_CPP='gcc -E'
ac_cv_prog_ac_ct_CC=gcc
ac_cv_prog_ac_ct_INSTALL=install
ac_cv_prog_ac_ct_MKDIR=mkdir
ac_cv_prog_cc_c89=
ac_cv_prog_cc_g=yes
ac_cv_target=x86_64-unknown-linux-gnu

## ----------------- ##
## Output variables. ##
## ----------------- ##

BFD_ARCH=''
BFD_MACH=''
CC='gcc'
CFLAGS='-g -O2'
CFLAGS_ARCH=''
CPP='gcc -E'
CPPFLAGS=''
DEFS='-DHAVE_CONFIG_H'
ECHO_C=''
ECHO_N='-n'
ECHO_T=''
EGREP='/bin/grep -E'
EXEEXT=''
GREP='/bin/grep'
INSTALL='install'
LDFLAGS=''
LIBOBJS=''
LIBS=''
LTLIBOBJS=''
MKDIR='mkdir'
OBJEXT='o'
PACKAGE_BUGREPORT='tristan.lelong@blunderer.org'
PACKAGE_NAME='cortex'
PACKAGE_STRING='cortex 0.1'
PACKAGE_TARNAME='cortex'
PACKAGE_URL=''
PACKAGE_VERSION='0.1'
PATH_SEPARATOR=':'
SHELL='/bin/bash'
ac_ct_CC='gcc'
bindir='${exec_prefix}/bin'
build='x86_64-unknown-linux-gnu'
build_alias=''
build_cpu='x86_64'
build_os='linux-gnu'
build_vendor='unknown'
cpu_arch='x86_64'
datadir='${datarootdir}'
datarootdir='${prefix}/share'
docdir='${datarootdir}/doc/${PACKAGE_TARNAME}'
dvidir='${docdir}'
exec_prefix='${prefix}'
host='x86_64-unknown-linux-gnu'
host_alias=''
host_cpu='x86_64'
host_os='linux-gnu'
host_vendor='unknown'
htmldir='${docdir}'
includedir='${prefix}/include'
infodir='${datarootdir}/info'
libdir='${exec_prefix}/lib'
libexecdir='${exec_prefix}/libexec'
libopcodes='-lopcodes'
localedir='${datarootdir}/locale'
localstatedir='${prefix}/var'
mandir='${datarootdir}/man'
oldincludedir='/usr/include'
pdfdir='${docdir}'
prefix='/usr/local'
program_transform_name='s,x,x,'
psdir='${docdir}'
sbindir='${exec_prefix}/sbin'
sharedstatedir='${prefix}/com'
sysconfdir='${prefix}/etc'
target='x86_64-unknown-linux-gnu'
target_alias=''
target_cpu='x86_64'
target_os='linux-gnu'
target_vendor='unknown'

## ----------- ##
## confdefs.h. ##
## ----------- ##

/* confdefs.h */
#define PACKAGE_NAME "cortex"
#define PACKAGE_TARNAME "cortex"
#define PACKAGE_VERSION "0.1"
#define PACKAGE_STRING "cortex 0.1"
#define PACKAGE_BUGREPORT "tristan.lelong@blunderer.org"
#define PACKAGE_URL ""
#define STDC_HEADERS 1
#define HAVE_SYS_TYPES_H 1
#define HAVE_SYS_STAT_H 1
#define HAVE_STDLIB_H 1
#define HAVE_STRING_H 1
#define HAVE_MEMORY_H 1
#define HAVE_STRINGS_H 1
#define HAVE_INTTYPES_H 1
#define HAVE_STDINT_H 1
#define HAVE_UNISTD_H 1
#define HAVE_FCNTL_H 1
#define HAVE_STDLIB_H 1
#define HAVE_STRING_H 1
#define HAVE_UNISTD_H 1
#define HAVE_SYS_PROCFS_H 1
#define HAVE_ASM_PTRACE_H 1
#define HAVE_SYS_STAT_H 1
#define HAVE_ELF_H 1
#define HAVE_DIS_ASM_H 1

configure: exit 0
